box 2698.14 2756.53 0 4881.35 4.69 177.13 4881.35 -4688.55 0 1 label
2ndorder 2698.14 2756.53 723.8 21.2109 4.69 177.13 21.2109 -20634.1 0 1 label
grid 2698.14 2756.53 400 4356.97 4.69 177.13 0 -133.89 0 1 label
grid 2698.14 2756.53 -450 3674.16 4.69 177.13 0 -133.89 0 1 label
grid 2698.14 2756.53 500 2996.93 4.69 177.13 0 -133.89 0 1 label
grid 2698.14 2756.53 -550 2324.76 4.69 177.13 0 -133.89 0 1 label
grid 2698.14 2756.53 600 1657.18 4.69 177.13 0 -133.89 0 1 label
grid 2698.14 2756.53 -650 993.752 4.69 177.13 0 -133.89 0 1 label
grid 2698.14 2756.53 700 334.042 4.69 177.13 0 -133.89 0 1 label
cwl 2698.14 2756.53 520 2727.48 4.69 177.13 0 -133.89 0 1 label
gap 2698.14 2756.53 2039.45 571.329 1 0 0 0 0 1 label
gap 2698.14 2756.53 2120.7 565.249 2 0 0 0 0 1 label
gap 2698.14 2756.53 4150.7 415.059 3 0 0 0 0 1 label
gap 2698.14 2756.53 4231.95 409.123 4 0 0 0 0 1 label
box 2695.15 4046.35 0 4868.82 4.69 24.49 4868.82 -4706.06 0 2 label
2ndorder 2695.15 4046.35 723.8 6.26568 4.69 24.49 6.26568 -20566.8 0 2 label
grid 2695.15 4046.35 400 4344.19 4.69 24.49 0 2 0 2 label
grid 2695.15 4046.35 -450 3661.05 4.69 24.49 0 2 0 2 label
grid 2695.15 4046.35 500 2983.48 4.69 24.49 0 2 0 2 label
grid 2695.15 4046.35 -550 2310.98 4.69 24.49 0 2 0 2 label
grid 2695.15 4046.35 600 1643.07 4.69 24.49 0 2 0 2 label
grid 2695.15 4046.35 -650 979.303 4.69 24.49 0 2 0 2 label
grid 2695.15 4046.35 700 319.257 4.69 24.49 0 2 0 2 label
cwl 2695.15 4046.35 520 2713.9 4.69 24.49 0 2 0 2 label
gap 2695.15 4046.35 2039.45 570.287 1 0 0 0 0 2 label
gap 2695.15 4046.35 2120.7 564.211 2 0 0 0 0 2 label
gap 2695.15 4046.35 4150.7 414.118 3 0 0 0 0 2 label
gap 2695.15 4046.35 4231.95 408.185 4 0 0 0 0 2 label
box 2680.64 2981.08 0 4864.24 4.69 39.24 4864.24 -4705.22 0 3 label
2ndorder 2680.64 2981.08 723.8 4.54601 4.69 39.24 4.54601 -20390.3 0 3 label
grid 2680.64 2981.08 400 4339.93 4.69 39.24 0 -4 0 3 label
grid 2680.64 2981.08 -450 3657.21 4.69 39.24 0 -4 0 3 label
grid 2680.64 2981.08 500 2980.05 4.69 39.24 0 -4 0 3 label
grid 2680.64 2981.08 -550 2307.94 4.69 39.24 0 -4 0 3 label
grid 2680.64 2981.08 600 1640.42 4.69 39.24 0 -4 0 3 label
grid 2680.64 2981.08 -650 977.033 4.69 39.24 0 -4 0 3 label
grid 2680.64 2981.08 700 317.362 4.69 39.24 0 -4 0 3 label
cwl 2680.64 2981.08 520 2710.62 4.69 39.24 0 -4 0 3 label
gap 2680.64 2981.08 2039.45 570.072 1 0 0 0 0 3 label
gap 2680.64 2981.08 2120.7 563.992 2 0 0 0 0 3 label
gap 2680.64 2981.08 4150.7 413.816 3 0 0 0 0 3 label
gap 2680.64 2981.08 4231.95 407.88 4 0 0 0 0 3 label
box 2677.99 3991.14 0 4853.58 4.69 21.49 4853.58 -4719.96 0 4 label
2ndorder 2677.99 3991.14 723.8 -8.08873 4.69 21.49 -8.08873 -20338.3 0 4 label
grid 2677.99 3991.14 400 4329.06 4.69 21.49 0 -1 0 4 label
grid 2677.99 3991.14 -450 3646.06 4.69 21.49 0 -1 0 4 label
grid 2677.99 3991.14 500 2968.63 4.69 21.49 0 -1 0 4 label
grid 2677.99 3991.14 -550 2296.26 4.69 21.49 0 -1 0 4 label
grid 2677.99 3991.14 600 1628.46 4.69 21.49 0 -1 0 4 label
grid 2677.99 3991.14 -650 964.804 4.69 21.49 0 -1 0 4 label
grid 2677.99 3991.14 700 304.858 4.69 21.49 0 -1 0 4 label
cwl 2677.99 3991.14 520 2699.1 4.69 21.49 0 -1 0 4 label
gap 2677.99 3991.14 2039.45 569.189 1 0 0 0 0 4 label
gap 2677.99 3991.14 2120.7 563.113 2 0 0 0 0 4 label
gap 2677.99 3991.14 4150.7 413.016 3 0 0 0 0 4 label
gap 2677.99 3991.14 4231.95 407.083 4 0 0 0 0 4 label
box 2836.04 3110.02 0 5007.27 4.69 80.21 5007.27 -4572.27 0 5 label
2ndorder 2836.04 3110.02 723.8 140.603 4.69 80.21 140.603 -18707.7 0 5 label
grid 2836.04 3110.02 400 4482.03 4.69 80.21 0 44.96 0 5 label
grid 2836.04 3110.02 -450 3798.15 4.69 80.21 0 44.96 0 5 label
grid 2836.04 3110.02 500 3119.92 4.69 80.21 0 44.96 0 5 label
grid 2836.04 3110.02 -550 2446.83 4.69 80.21 0 44.96 0 5 label
grid 2836.04 3110.02 600 1778.4 4.69 80.21 0 44.96 0 5 label
grid 2836.04 3110.02 -650 1114.18 4.69 80.21 0 44.96 0 5 label
grid 2836.04 3110.02 700 453.754 4.69 80.21 0 44.96 0 5 label
cwl 2836.04 3110.02 520 2850.09 4.69 80.21 0 44.96 0 5 label
gap 2836.04 3110.02 2039.45 580.433 1 0 0 0 0 5 label
gap 2836.04 3110.02 2120.7 574.354 2 0 0 0 0 5 label
gap 2836.04 3110.02 4150.7 424.17 3 0 0 0 0 5 label
gap 2836.04 3110.02 4231.95 418.233 4 0 0 0 0 5 label
box 2802.78 3926.01 0 4969.77 4.69 34.48 4969.77 -4611.16 0 8 label
2ndorder 2802.78 3926.01 723.8 102.84 4.69 34.48 102.84 -23654.6 0 8 label
grid 2802.78 3926.01 400 4444.53 4.69 34.48 0 -13.99 0 8 label
grid 2802.78 3926.01 -450 3760.66 4.69 34.48 0 -13.99 0 8 label
grid 2802.78 3926.01 500 3082.41 4.69 34.48 0 -13.99 0 8 label
grid 2802.78 3926.01 -550 2409.29 4.69 34.48 0 -13.99 0 8 label
grid 2802.78 3926.01 600 1740.82 4.69 34.48 0 -13.99 0 8 label
grid 2802.78 3926.01 -650 1076.54 4.69 34.48 0 -13.99 0 8 label
grid 2802.78 3926.01 700 416.033 4.69 34.48 0 -13.99 0 8 label
cwl 2802.78 3926.01 520 2812.58 4.69 34.48 0 -13.99 0 8 label
gap 2802.78 3926.01 2039.45 577.622 1 0 0 0 0 8 label
gap 2802.78 3926.01 2120.7 571.545 2 0 0 0 0 8 label
gap 2802.78 3926.01 4150.7 421.43 3 0 0 0 0 8 label
gap 2802.78 3926.01 4231.95 415.496 4 0 0 0 0 8 label
box 2571.2 2386.97 0 4764.63 4.69 183.12 4764.63 -4796.71 0 11 label
2ndorder 2571.2 2386.97 723.8 -89.6152 4.69 183.12 -89.6152 -19301.1 0 11 label
grid 2571.2 2386.97 400 4241.05 4.69 183.12 0 127.89 0 11 label
grid 2571.2 2386.97 -450 3559.21 4.69 183.12 0 127.89 0 11 label
grid 2571.2 2386.97 500 2882.88 4.69 183.12 0 127.89 0 11 label
grid 2571.2 2386.97 -550 2211.54 4.69 183.12 0 127.89 0 11 label
grid 2571.2 2386.97 600 1544.73 4.69 183.12 0 127.89 0 11 label
grid 2571.2 2386.97 -650 882.001 4.69 183.12 0 127.89 0 11 label
grid 2571.2 2386.97 700 222.932 4.69 183.12 0 127.89 0 11 label
cwl 2571.2 2386.97 520 2613.77 4.69 183.12 0 127.89 0 11 label
gap 2571.2 2386.97 2039.45 562.873 1 0 0 0 0 11 label
gap 2571.2 2386.97 2120.7 556.792 2 0 0 0 0 11 label
gap 2571.2 2386.97 4150.7 406.601 3 0 0 0 0 11 label
gap 2571.2 2386.97 4231.95 400.664 4 0 0 0 0 11 label
box 2567.16 3838.13 0 4752.6 4.69 44.47 4752.6 -4813.39 0 12 label
2ndorder 2567.16 3838.13 723.8 -103.893 4.69 44.47 -103.893 -19249.3 0 12 label
grid 2567.16 3838.13 400 4228.78 4.69 44.47 0 4 0 12 label
grid 2567.16 3838.13 -450 3546.63 4.69 44.47 0 4 0 12 label
grid 2567.16 3838.13 500 2869.99 4.69 44.47 0 4 0 12 label
grid 2567.16 3838.13 -550 2198.34 4.69 44.47 0 4 0 12 label
grid 2567.16 3838.13 600 1531.23 4.69 44.47 0 4 0 12 label
grid 2567.16 3838.13 -650 868.185 4.69 44.47 0 4 0 12 label
grid 2567.16 3838.13 700 208.804 4.69 44.47 0 4 0 12 label
cwl 2567.16 3838.13 520 2600.76 4.69 44.47 0 4 0 12 label
gap 2567.16 3838.13 2039.45 561.88 1 0 0 0 0 12 label
gap 2567.16 3838.13 2120.7 555.803 2 0 0 0 0 12 label
gap 2567.16 3838.13 4150.7 405.701 3 0 0 0 0 12 label
gap 2567.16 3838.13 4231.95 399.768 4 0 0 0 0 12 label
box 3975.14 1752.85 0 6055.85 4.69 104.19 6055.85 -3598.73 0 13 label
2ndorder 3975.14 1752.85 723.8 1138.6 4.69 104.19 1138.6 -17710 0 13 label
grid 3975.14 1752.85 400 5523.79 4.69 104.19 0 -50.96 0 13 label
grid 3975.14 1752.85 -450 4831.55 4.69 104.19 0 -50.96 0 13 label
grid 3975.14 1752.85 500 4145.59 4.69 104.19 0 -50.96 0 13 label
grid 3975.14 1752.85 -550 3465.37 4.69 104.19 0 -50.96 0 13 label
grid 3975.14 1752.85 600 2790.38 4.69 104.19 0 -50.96 0 13 label
grid 3975.14 1752.85 -650 2120.14 4.69 104.19 0 -50.96 0 13 label
grid 3975.14 1752.85 700 1454.2 4.69 104.19 0 -50.96 0 13 label
grid 3975.14 1752.85 -750 792.146 4.69 104.19 0 -50.96 0 13 label
grid 3975.14 1752.85 800 133.569 4.69 104.19 0 -50.96 0 13 label
cwl 3975.14 1752.85 520 3872.85 4.69 104.19 0 -50.96 0 13 label
gap 3975.14 1752.85 2039.45 656.042 1 0 0 0 0 13 label
gap 3975.14 1752.85 2120.7 649.958 2 0 0 0 0 13 label
gap 3975.14 1752.85 4150.7 499.626 3 0 0 0 0 13 label
gap 3975.14 1752.85 4231.95 493.681 4 0 0 0 0 13 label
box 3972.58 3752.55 0 6047.54 4.69 31.48 6047.54 -3612.05 0 14 label
2ndorder 3972.58 3752.55 723.8 1127.78 4.69 31.48 1127.78 -17690.9 0 14 label
grid 3972.58 3752.55 400 5515.2 4.69 31.48 0 8.99 0 14 label
grid 3972.58 3752.55 -450 4822.61 4.69 31.48 0 8.99 0 14 label
grid 3972.58 3752.55 500 4136.3 4.69 31.48 0 8.99 0 14 label
grid 3972.58 3752.55 -550 3455.74 4.69 31.48 0 8.99 0 14 label
grid 3972.58 3752.55 600 2780.4 4.69 31.48 0 8.99 0 14 label
grid 3972.58 3752.55 -650 2109.82 4.69 31.48 0 8.99 0 14 label
grid 3972.58 3752.55 700 1443.54 4.69 31.48 0 8.99 0 14 label
grid 3972.58 3752.55 -750 781.144 4.69 31.48 0 8.99 0 14 label
grid 3972.58 3752.55 800 122.228 4.69 31.48 0 8.99 0 14 label
cwl 3972.58 3752.55 520 3863.42 4.69 31.48 0 8.99 0 14 label
gap 3972.58 3752.55 2039.45 655.266 1 0 0 0 0 14 label
gap 3972.58 3752.55 2120.7 649.186 2 0 0 0 0 14 label
gap 3972.58 3752.55 4150.7 498.947 3 0 0 0 0 14 label
gap 3972.58 3752.55 4231.95 493.006 4 0 0 0 0 14 label
box 3937.74 1459.23 0 6020.37 4.69 179.13 6020.37 -3631.43 0 15 label
2ndorder 3937.74 1459.23 723.8 1104.95 4.69 179.13 1104.95 -17746.4 0 15 label
grid 3937.74 1459.23 400 5488.55 4.69 179.13 0 -25.98 0 15 label
grid 3937.74 1459.23 -450 4796.62 4.69 179.13 0 -25.98 0 15 label
grid 3937.74 1459.23 500 4110.94 4.69 179.13 0 -25.98 0 15 label
grid 3937.74 1459.23 -550 3430.98 4.69 179.13 0 -25.98 0 15 label
grid 3937.74 1459.23 600 2756.23 4.69 179.13 0 -25.98 0 15 label
grid 3937.74 1459.23 -650 2086.2 4.69 179.13 0 -25.98 0 15 label
grid 3937.74 1459.23 700 1420.46 4.69 179.13 0 -25.98 0 15 label
grid 3937.74 1459.23 -750 758.588 4.69 179.13 0 -25.98 0 15 label
grid 3937.74 1459.23 800 100.177 4.69 179.13 0 -25.98 0 15 label
cwl 3937.74 1459.23 520 3838.3 4.69 179.13 0 -25.98 0 15 label
gap 3937.74 1459.23 2039.45 653.501 1 0 0 0 0 15 label
gap 3937.74 1459.23 2120.7 647.418 2 0 0 0 0 15 label
gap 3937.74 1459.23 4150.7 497.089 3 0 0 0 0 15 label
gap 3937.74 1459.23 4231.95 491.145 4 0 0 0 0 15 label
box 3934.38 3685.13 0 6013.17 4.69 27.49 6013.17 -3643.29 0 16 label
2ndorder 3934.38 3685.13 723.8 1095.4 4.69 27.49 1095.4 -17725.6 0 16 label
grid 3934.38 3685.13 400 5481.09 4.69 27.49 0 -6.99 0 16 label
grid 3934.38 3685.13 -450 4788.83 4.69 27.49 0 -6.99 0 16 label
grid 3934.38 3685.13 500 4102.82 4.69 27.49 0 -6.99 0 16 label
grid 3934.38 3685.13 -550 3422.54 4.69 27.49 0 -6.99 0 16 label
grid 3934.38 3685.13 600 2747.46 4.69 27.49 0 -6.99 0 16 label
grid 3934.38 3685.13 -650 2077.12 4.69 27.49 0 -6.99 0 16 label
grid 3934.38 3685.13 700 1411.06 4.69 27.49 0 -6.99 0 16 label
grid 3934.38 3685.13 -750 748.872 4.69 27.49 0 -6.99 0 16 label
grid 3934.38 3685.13 800 90.1464 4.69 27.49 0 -6.99 0 16 label
cwl 3934.38 3685.13 520 3830.05 4.69 27.49 0 -6.99 0 16 label
gap 3934.38 3685.13 2039.45 652.82 1 0 0 0 0 16 label
gap 3934.38 3685.13 2120.7 646.739 2 0 0 0 0 16 label
gap 3934.38 3685.13 4150.7 496.497 3 0 0 0 0 16 label
gap 3934.38 3685.13 4231.95 490.555 4 0 0 0 0 16 label
box 3352.67 440.89 0 5475.1 4.69 95.2 5475.1 -4136.93 0 17 label
2ndorder 3352.67 440.89 723.8 586.233 4.69 95.2 586.233 -18277.1 0 17 label
grid 3352.67 440.89 400 4946.88 4.69 95.2 0 -27.98 0 17 label
grid 3352.67 440.89 -450 4259.34 4.69 95.2 0 -27.98 0 17 label
grid 3352.67 440.89 500 3577.72 4.69 95.2 0 -27.98 0 17 label
grid 3352.67 440.89 -550 2901.49 4.69 95.2 0 -27.98 0 17 label
grid 3352.67 440.89 600 2230.18 4.69 95.2 0 -27.98 0 17 label
grid 3352.67 440.89 -650 1563.31 4.69 95.2 0 -27.98 0 17 label
grid 3352.67 440.89 700 900.456 4.69 95.2 0 -27.98 0 17 label
grid 3352.67 440.89 -750 241.217 4.69 95.2 0 -27.98 0 17 label
cwl 3352.67 440.89 520 3306.61 4.69 95.2 0 -27.98 0 17 label
gap 3352.67 440.89 2039.45 614.268 1 0 0 0 0 17 label
gap 3352.67 440.89 2120.7 608.186 2 0 0 0 0 17 label
gap 3352.67 440.89 4150.7 457.941 3 0 0 0 0 17 label
gap 3352.67 440.89 4231.95 452.001 4 0 0 0 0 17 label
box 3345.67 4123.46 0 5468.23 4.69 43.47 5468.23 -4149.05 0 18 label
2ndorder 3345.67 4123.46 723.8 576.699 4.69 43.47 576.699 -18244.4 0 18 label
grid 3345.67 4123.46 400 4939.71 4.69 43.47 0 16.99 0 18 label
grid 3345.67 4123.46 -450 4251.79 4.69 43.47 0 16.99 0 18 label
grid 3345.67 4123.46 500 3569.8 4.69 43.47 0 16.99 0 18 label
grid 3345.67 4123.46 -550 2893.21 4.69 43.47 0 16.99 0 18 label
grid 3345.67 4123.46 600 2221.53 4.69 43.47 0 16.99 0 18 label
grid 3345.67 4123.46 -650 1554.3 4.69 43.47 0 16.99 0 18 label
grid 3345.67 4123.46 700 891.092 4.69 43.47 0 16.99 0 18 label
grid 3345.67 4123.46 -750 231.498 4.69 43.47 0 16.99 0 18 label
cwl 3345.67 4123.46 520 3298.54 4.69 43.47 0 16.99 0 18 label
gap 3345.67 4123.46 2039.45 613.613 1 0 0 0 0 18 label
gap 3345.67 4123.46 2120.7 607.535 2 0 0 0 0 18 label
gap 3345.67 4123.46 4150.7 457.385 3 0 0 0 0 18 label
gap 3345.67 4123.46 4231.95 451.449 4 0 0 0 0 18 label
box 2898.84 2142.19 0 5067.64 4.69 52.23 5067.64 -4513.64 0 19 label
2ndorder 2898.84 2142.19 723.8 199.341 4.69 52.23 199.341 -18662.1 0 19 label
grid 2898.84 2142.19 400 4542.14 4.69 52.23 0 3 0 19 label
grid 2898.84 2142.19 -450 3857.97 4.69 52.23 0 3 0 19 label
grid 2898.84 2142.19 500 3179.48 4.69 52.23 0 3 0 19 label
grid 2898.84 2142.19 -550 2506.15 4.69 52.23 0 3 0 19 label
grid 2898.84 2142.19 600 1837.52 4.69 52.23 0 3 0 19 label
grid 2898.84 2142.19 -650 1173.13 4.69 52.23 0 3 0 19 label
grid 2898.84 2142.19 700 512.551 4.69 52.23 0 3 0 19 label
cwl 2898.84 2142.19 520 2909.55 4.69 52.23 0 3 0 19 label
gap 2898.84 2142.19 2039.45 584.865 1 0 0 0 0 19 label
gap 2898.84 2142.19 2120.7 578.783 2 0 0 0 0 19 label
gap 2898.84 2142.19 4150.7 428.554 3 0 0 0 0 19 label
gap 2898.84 2142.19 4231.95 422.615 4 0 0 0 0 19 label
box 2901.67 583.07 0 5061.19 4.69 37.48 5061.19 -4521.01 0 20 label
2ndorder 2901.67 583.07 723.8 192.512 4.69 37.48 192.512 35070.6 0 20 label
grid 2901.67 583.07 400 4535.67 4.69 37.48 0 -8.99 0 20 label
grid 2901.67 583.07 -450 3851.45 4.69 37.48 0 -8.99 0 20 label
grid 2901.67 583.07 500 3172.9 4.69 37.48 0 -8.99 0 20 label
grid 2901.67 583.07 -550 2499.53 4.69 37.48 0 -8.99 0 20 label
grid 2901.67 583.07 600 1830.84 4.69 37.48 0 -8.99 0 20 label
grid 2901.67 583.07 -650 1166.39 4.69 37.48 0 -8.99 0 20 label
grid 2901.67 583.07 700 505.752 4.69 37.48 0 -8.99 0 20 label
cwl 2901.67 583.07 520 2902.96 4.69 37.48 0 -8.99 0 20 label
gap 2901.67 583.07 2039.45 584.366 1 0 0 0 0 20 label
gap 2901.67 583.07 2120.7 578.285 2 0 0 0 0 20 label
gap 2901.67 583.07 4150.7 428.078 3 0 0 0 0 20 label
gap 2901.67 583.07 4231.95 422.141 4 0 0 0 0 20 label
box 2923.05 217.51 0 5076.51 4.69 118.18 5076.51 -4507.99 0 21 label
2ndorder 2923.05 217.51 723.8 206.463 4.69 118.18 206.463 -18660.7 0 21 label
grid 2923.05 217.51 400 4550.82 4.69 118.18 0 5 0 21 label
grid 2923.05 217.51 -450 3866.39 4.69 118.18 0 5 0 21 label
grid 2923.05 217.51 500 3187.64 4.69 118.18 0 5 0 21 label
grid 2923.05 217.51 -550 2514.07 4.69 118.18 0 5 0 21 label
grid 2923.05 217.51 600 1845.2 4.69 118.18 0 5 0 21 label
grid 2923.05 217.51 -650 1180.58 4.69 118.18 0 5 0 21 label
grid 2923.05 217.51 700 519.779 4.69 118.18 0 5 0 21 label
cwl 2923.05 217.51 520 2917.62 4.69 118.18 0 5 0 21 label
gap 2923.05 217.51 2039.45 585.445 1 0 0 0 0 21 label
gap 2923.05 217.51 2120.7 579.365 2 0 0 0 0 21 label
gap 2923.05 217.51 4150.7 429.177 3 0 0 0 0 21 label
gap 2923.05 217.51 4231.95 423.24 4 0 0 0 0 21 label
box 2922.33 733.76 0 5081.83 4.69 103.42 5081.83 -4501.38 0 22 label
2ndorder 2922.33 733.76 723.8 212.382 4.69 103.42 212.382 -18656 0 22 label
grid 2922.33 733.76 400 4556.2 4.69 103.42 0 74.94 0 22 label
grid 2922.33 733.76 -450 3871.84 4.69 103.42 0 74.94 0 22 label
grid 2922.33 733.76 500 3193.18 4.69 103.42 0 74.94 0 22 label
grid 2922.33 733.76 -550 2519.7 4.69 103.42 0 74.94 0 22 label
grid 2922.33 733.76 600 1850.91 4.69 103.42 0 74.94 0 22 label
grid 2922.33 733.76 -650 1186.37 4.69 103.42 0 74.94 0 22 label
grid 2922.33 733.76 700 525.656 4.69 103.42 0 74.94 0 22 label
cwl 2922.33 733.76 520 2923.19 4.69 103.42 0 74.94 0 22 label
gap 2922.33 733.76 2039.45 585.871 1 0 0 0 0 22 label
gap 2922.33 733.76 2120.7 579.79 2 0 0 0 0 22 label
gap 2922.33 733.76 4150.7 429.574 3 0 0 0 0 22 label
gap 2922.33 733.76 4231.95 423.636 4 0 0 0 0 22 label
box 3698.45 1076.21 0 5798.69 4.69 194.11 5798.69 -3836.1 0 23 label
2ndorder 3698.45 1076.21 723.8 894.499 4.69 194.11 894.499 -17963.2 0 23 label
grid 3698.45 1076.21 400 5268.4 4.69 194.11 0 8.99 0 23 label
grid 3698.45 1076.21 -450 4578.33 4.69 194.11 0 8.99 0 23 label
grid 3698.45 1076.21 500 3894.36 4.69 194.11 0 8.99 0 23 label
grid 3698.45 1076.21 -550 3215.98 4.69 194.11 0 8.99 0 23 label
grid 3698.45 1076.21 600 2542.67 4.69 194.11 0 8.99 0 23 label
grid 3698.45 1076.21 -650 1873.98 4.69 194.11 0 8.99 0 23 label
grid 3698.45 1076.21 700 1209.46 4.69 194.11 0 8.99 0 23 label
grid 3698.45 1076.21 -750 548.706 4.69 194.11 0 8.99 0 23 label
cwl 3698.45 1076.21 520 3622.37 4.69 194.11 0 8.99 0 23 label
gap 3698.45 1076.21 2039.45 637.597 1 0 0 0 0 23 label
gap 3698.45 1076.21 2120.7 631.514 2 0 0 0 0 23 label
gap 3698.45 1076.21 4150.7 481.211 3 0 0 0 0 23 label
gap 3698.45 1076.21 4231.95 475.268 4 0 0 0 0 23 label
box 3693.99 3465.17 0 5794.63 4.69 38.48 5794.63 -3843.52 0 24 label
2ndorder 3693.99 3465.17 723.8 888.726 4.69 38.48 888.726 -17941.8 0 24 label
grid 3693.99 3465.17 400 5264.15 4.69 38.48 0 2 0 24 label
grid 3693.99 3465.17 -450 4573.83 4.69 38.48 0 2 0 24 label
grid 3693.99 3465.17 500 3889.63 4.69 38.48 0 2 0 24 label
grid 3693.99 3465.17 -550 3211.01 4.69 38.48 0 2 0 24 label
grid 3693.99 3465.17 600 2537.47 4.69 38.48 0 2 0 24 label
grid 3693.99 3465.17 -650 1868.55 4.69 38.48 0 2 0 24 label
grid 3693.99 3465.17 700 1203.8 4.69 38.48 0 2 0 24 label
grid 3693.99 3465.17 -750 542.814 4.69 38.48 0 2 0 24 label
cwl 3693.99 3465.17 520 3617.54 4.69 38.48 0 2 0 24 label
gap 3693.99 3465.17 2039.45 637.194 1 0 0 0 0 24 label
gap 3693.99 3465.17 2120.7 631.114 2 0 0 0 0 24 label
gap 3693.99 3465.17 4150.7 480.871 3 0 0 0 0 24 label
gap 3693.99 3465.17 4231.95 474.93 4 0 0 0 0 24 label
box 3957.04 2029.65 0 6039.96 4.69 50.23 6039.96 -3613.49 0 25 label
2ndorder 3957.04 2029.65 723.8 1123.47 4.69 50.23 1123.47 -17723.2 0 25 label
grid 3957.04 2029.65 400 5508 4.69 50.23 0 -3 0 25 label
grid 3957.04 2029.65 -450 4815.89 4.69 50.23 0 -3 0 25 label
grid 3957.04 2029.65 500 4130.05 4.69 50.23 0 -3 0 25 label
grid 3957.04 2029.65 -550 3449.94 4.69 50.23 0 -3 0 25 label
grid 3957.04 2029.65 600 2775.05 4.69 50.23 0 -3 0 25 label
grid 3957.04 2029.65 -650 2104.89 4.69 50.23 0 -3 0 25 label
grid 3957.04 2029.65 700 1439.04 4.69 50.23 0 -3 0 25 label
grid 3957.04 2029.65 -750 777.053 4.69 50.23 0 -3 0 25 label
grid 3957.04 2029.65 800 118.543 4.69 50.23 0 -3 0 25 label
cwl 3957.04 2029.65 520 3857.35 4.69 50.23 0 -3 0 25 label
gap 3957.04 2029.65 2039.45 654.901 1 0 0 0 0 25 label
gap 3957.04 2029.65 2120.7 648.817 2 0 0 0 0 25 label
gap 3957.04 2029.65 4150.7 498.488 3 0 0 0 0 25 label
gap 3957.04 2029.65 4231.95 492.544 4 0 0 0 0 25 label
box 3955.14 3381.34 0 6034.59 4.69 35.48 6034.59 -3622.09 0 26 label
2ndorder 3955.14 3381.34 723.8 1116.48 4.69 35.48 1116.48 -17710.4 0 26 label
grid 3955.14 3381.34 400 5502.45 4.69 35.48 0 1 0 26 label
grid 3955.14 3381.34 -450 4810.11 4.69 35.48 0 1 0 26 label
grid 3955.14 3381.34 500 4124.04 4.69 35.48 0 1 0 26 label
grid 3955.14 3381.34 -550 3443.71 4.69 35.48 0 1 0 26 label
grid 3955.14 3381.34 600 2768.59 4.69 35.48 0 1 0 26 label
grid 3955.14 3381.34 -650 2098.22 4.69 35.48 0 1 0 26 label
grid 3955.14 3381.34 700 1432.14 4.69 35.48 0 1 0 26 label
grid 3955.14 3381.34 -750 769.94 4.69 35.48 0 1 0 26 label
grid 3955.14 3381.34 800 111.211 4.69 35.48 0 1 0 26 label
cwl 3955.14 3381.34 520 3851.25 4.69 35.48 0 1 0 26 label
gap 3955.14 3381.34 2039.45 654.399 1 0 0 0 0 26 label
gap 3955.14 3381.34 2120.7 648.318 2 0 0 0 0 26 label
gap 3955.14 3381.34 4150.7 498.049 3 0 0 0 0 26 label
gap 3955.14 3381.34 4231.95 492.107 4 0 0 0 0 26 label
box 3744.92 1918.81 0 5845.45 4.69 52.23 5845.45 -3792.52 0 27 label
2ndorder 3744.92 1918.81 723.8 939.091 4.69 52.23 939.091 -17913 0 27 label
grid 3744.92 1918.81 400 5314.86 4.69 52.23 0 1 0 27 label
grid 3744.92 1918.81 -450 4624.42 4.69 52.23 0 1 0 27 label
grid 3744.92 1918.81 500 3940.13 4.69 52.23 0 1 0 27 label
grid 3744.92 1918.81 -550 3261.44 4.69 52.23 0 1 0 27 label
grid 3744.92 1918.81 600 2587.85 4.69 52.23 0 1 0 27 label
grid 3744.92 1918.81 -650 1918.91 4.69 52.23 0 1 0 27 label
grid 3744.92 1918.81 700 1254.16 4.69 52.23 0 1 0 27 label
grid 3744.92 1918.81 -750 593.192 4.69 52.23 0 1 0 27 label
cwl 3744.92 1918.81 520 3668.01 4.69 52.23 0 1 0 27 label
gap 3744.92 1918.81 2039.45 640.966 1 0 0 0 0 27 label
gap 3744.92 1918.81 2120.7 634.883 2 0 0 0 0 27 label
gap 3744.92 1918.81 4150.7 484.568 3 0 0 0 0 27 label
gap 3744.92 1918.81 4231.95 478.625 4 0 0 0 0 27 label
box 3742.68 3268.89 0 5840.65 4.69 68.45 5840.65 -3800.19 0 28 label
2ndorder 3742.68 3268.89 723.8 932.852 4.69 68.45 932.852 -17900.6 0 28 label
grid 3742.68 3268.89 400 5309.9 4.69 68.45 0 -35.97 0 28 label
grid 3742.68 3268.89 -450 4619.26 4.69 68.45 0 -35.97 0 28 label
grid 3742.68 3268.89 500 3934.77 4.69 68.45 0 -35.97 0 28 label
grid 3742.68 3268.89 -550 3255.88 4.69 68.45 0 -35.97 0 28 label
grid 3742.68 3268.89 600 2582.1 4.69 68.45 0 -35.97 0 28 label
grid 3742.68 3268.89 -650 1912.96 4.69 68.45 0 -35.97 0 28 label
grid 3742.68 3268.89 700 1248.01 4.69 68.45 0 -35.97 0 28 label
grid 3742.68 3268.89 -750 586.851 4.69 68.45 0 -35.97 0 28 label
cwl 3742.68 3268.89 520 3662.57 4.69 68.45 0 -35.97 0 28 label
gap 3742.68 3268.89 2039.45 640.523 1 0 0 0 0 28 label
gap 3742.68 3268.89 2120.7 634.442 2 0 0 0 0 28 label
gap 3742.68 3268.89 4150.7 484.181 3 0 0 0 0 28 label
gap 3742.68 3268.89 4231.95 478.239 4 0 0 0 0 28 label
acq 1864.07 3524.91 0 4101.95 12.5 12.5 4101.95 -5422.37 0 29 label
acq 3697.01 3636.23 0 5796.01 12.5 12.5 5796.01 -3843.1 0 30 label
acq 2876.78 859.49 0 5040.97 12.5 12.5 5040.97 -4539.13 0 31 label
