GSAT - Started: 2023-10-09T11:08:29
ERROR - GSAT: Cannot access file gsS20191105S075.fits
GSAT - Finished: 2023-10-09T11:08:29
GSAT - Exit status: ERROR
GSAT - Started: 2023-10-09T11:09:57
ERROR - GSAT: Cannot access file gsS20191105S075.fits
GSAT - Finished: 2023-10-09T11:09:57
GSAT - Exit status: ERROR
GSAT - Started: 2023-10-09T11:11:28
ERROR - GSAT: extension has not been set
GSAT - Finished: 2023-10-09T11:11:28
GSAT - Exit status: ERROR
GSAT - Started: 2023-10-09T11:14:59
ERROR - GSAT: extension has not been set
GSAT - Finished: 2023-10-09T11:14:59
GSAT - Exit status: ERROR
GSAT - Started: 2023-10-09T11:15:51
ERROR - GSAT: extension has not been set
GSAT - Finished: 2023-10-09T11:15:51
GSAT - Exit status: ERROR
GSAT - Started: 2023-10-09T11:16:02
ERROR - GSAT: extension has not been set
GSAT - Finished: 2023-10-09T11:16:02
GSAT - Exit status: ERROR
GSAT - Started: 2023-10-09T11:17:52
GGDBHELPER: gain database selected - gmos$data/gmosamps.dat
GSAT: Input image is in electrons
GSAT: Bias level is 509.813 Gain level is 1.834
GSAT: Bias corrected - yes
GSAT: Input in electrons - yes
GSAT: Xbin is 2 Ybin is 2
GSAT: Amplifier is BI5-36-4k-2, 4 1x1 Full Well Depth is: 118871.
GSAT: Calculated CCD saturation limit is 475484.
GSAT: Calculated controller saturation limit is 119256.192958
GSAT: Output saturation is 119256.192958
GSAT - Finished: 2023-10-09T11:17:52
GSAT - Exit status: GOOD
GSAT - Started: 2023-10-09T11:18:08
ERROR - GSAT: extension has not been set
GSAT - Finished: 2023-10-09T11:18:08
GSAT - Exit status: ERROR
GSAT - Started: 2023-10-09T11:18:13
GGDBHELPER: gain database selected - gmos$data/gmosamps.dat
GSAT: Input image is in electrons
GSAT: Bias level is 509.813 Gain level is 1.834
GSAT: Bias corrected - yes
GSAT: Input in electrons - yes
GSAT: Xbin is 2 Ybin is 2
GSAT: Amplifier is BI5-36-4k-2, 4 1x1 Full Well Depth is: 118871.
GSAT: Calculated CCD saturation limit is 475484.
GSAT: Calculated controller saturation limit is 119256.192958
GSAT: Output saturation is 119256.192958
GSAT - Finished: 2023-10-09T11:18:13
GSAT - Exit status: GOOD
