
--------------------------------------------------------------------------------
GSFLAT -- Tue Oct 10 09:19:41 -03 2023

Input images or list              = gsS20191105S0275
Output spectral flat              = gsS20191105S0275_flat.fits
Correct for slit function         = no
Keep combined flat combflat       = no

Fitting parameters for Spectral Flatfield: 
  interactive = yes
  function    = spline3
  order       = 3
  low_reject  = 3.
  high_reject = 3.
  niterate    = 2
  Fit detectors separately fl_detec = yes

Overscan Subtraction fl_over   = no
Trim image           fl_trim   = no
Bias Subtraction     fl_bias   = no
Dark Subtraction     fl_dark   = no
QE Correction        fl_qecorr = no
VAR & DQ planes      fl_vardq  = no
Fixpix chip gaps     fl_fixpix = no
Oversize slit length fl_oversize = yes
Fit detec. by detec. fl_detec  = yes
Fit rows separately  fl_seprows = yes
Use gradient method  fl_usegrad= no
Mask emission lines  fl_emis   = no
Reference image      refimage  = 
N&S double flatfield fl_double = no

bias        = 
dark        = 
qe_refim    = 
qe_corrim   = 
qe_corrpref = qecorr
sci_ext     = SCI
var_ext     = VAR
dq_ext      = DQ
bpm         = 
key_mdf     = MASKNAME
mdffile     = 
mdfdir      = rawdir$
Chip gaps   = gmos$data/chipgaps.dat
rawpath     = 

GSFLAT: Image #1 - Working on : gsS20191105S0275.fits
 
WARNING - GSFLAT: only one image.
 
 
GSFLAT: Begin fitting response functions for detectors
 
GSFLAT: fitting response functions for CCD1
        sample in fitting 12:256
GSFLAT: fitting response functions for CCD2
        sample in fitting 1:256
GSFLAT: fitting response functions for CCD3
        sample in fitting 1:256
GSFLAT: fitting response functions for CCD4
        sample in fitting 1:244
GSFLAT: fitting response functions for CCD5
        sample in fitting 12:256
GSFLAT: fitting response functions for CCD6
        sample in fitting 1:256
GSFLAT: fitting response functions for CCD7
        sample in fitting 1:256
GSFLAT: fitting response functions for CCD8
        sample in fitting 1:248
GSFLAT: fitting response functions for CCD9
        sample in fitting 13:256
GSFLAT: fitting response functions for CCD10
        sample in fitting 1:256
GSFLAT: fitting response functions for CCD11
        sample in fitting 1:256
GSFLAT: fitting response functions for CCD12
        sample in fitting 1:246
 
GSFLAT done Tue Oct 10 09:20:42 -03 2023
--------------------------------------------------------------------------------

--------------------------------------------------------------------------------
GSFLAT -- Tue Oct 10 09:21:42 -03 2023

Input images or list              = gsS20191105S0275
Output spectral flat              = gsS20191105S0275_flat.fits
Correct for slit function         = no
Keep combined flat combflat       = no

Fitting parameters for Spectral Flatfield: 
  interactive = yes
  function    = spline3
  order       = 3
  low_reject  = 3.
  high_reject = 3.
  niterate    = 2
  Fit detectors separately fl_detec = yes

Overscan Subtraction fl_over   = no
Trim image           fl_trim   = no
Bias Subtraction     fl_bias   = no
Dark Subtraction     fl_dark   = no
QE Correction        fl_qecorr = no
VAR & DQ planes      fl_vardq  = no
Fixpix chip gaps     fl_fixpix = no
Oversize slit length fl_oversize = yes
Fit detec. by detec. fl_detec  = yes
Fit rows separately  fl_seprows = yes
Use gradient method  fl_usegrad= no
Mask emission lines  fl_emis   = no
Reference image      refimage  = 
N&S double flatfield fl_double = no

bias        = 
dark        = 
qe_refim    = 
qe_corrim   = 
qe_corrpref = qecorr
sci_ext     = SCI
var_ext     = VAR
dq_ext      = DQ
bpm         = 
key_mdf     = MASKNAME
mdffile     = 
mdfdir      = rawdir$
Chip gaps   = gmos$data/chipgaps.dat
rawpath     = 

GSFLAT: Image #1 - Working on : gsS20191105S0275.fits
 
WARNING - GSFLAT: only one image.
 
 
GSFLAT: Begin fitting response functions for detectors
 
GSFLAT: fitting response functions for CCD1
        sample in fitting 12:256
GSFLAT: fitting response functions for CCD2
        sample in fitting 1:256
GSFLAT: fitting response functions for CCD3
        sample in fitting 1:256
GSFLAT: fitting response functions for CCD4
        sample in fitting 1:244
GSFLAT: fitting response functions for CCD5
        sample in fitting 12:256
GSFLAT: fitting response functions for CCD6
        sample in fitting 1:256
GSFLAT: fitting response functions for CCD7
        sample in fitting 1:256
GSFLAT: fitting response functions for CCD8
        sample in fitting 1:248
GSFLAT: fitting response functions for CCD9
        sample in fitting 13:256
GSFLAT: fitting response functions for CCD10
        sample in fitting 1:256
GSFLAT: fitting response functions for CCD11
        sample in fitting 1:256
GSFLAT: fitting response functions for CCD12
        sample in fitting 1:246
 
GSFLAT done Tue Oct 10 18:59:44 -03 2023
--------------------------------------------------------------------------------
