GSAT - Started: 2023-10-10T01:13:26
GGDBHELPER: gain database selected - gmos$data/gmosamps.dat
GSAT: Input image is in electrons
GSAT: Bias level is 516.7491 Gain level is 1.813
GSAT: Bias corrected - yes
GSAT: Input in electrons - yes
GSAT: Xbin is 2 Ybin is 2
GSAT: Amplifier is BI12-34-4k-1, 4 1x1 Full Well Depth is: 118424.
GSAT: Calculated CCD saturation limit is 473696.
GSAT: Calculated controller saturation limit is 117878.0888817
GSAT: Output saturation is 117878.0888817
GSAT - Finished: 2023-10-10T01:13:26
GSAT - Exit status: GOOD

--------------------------------------------------------------------------------
GSFLAT -- Tue Oct 10 01:26:30 -03 2023

Input images or list              = gsS20191105S0275
Output spectral flat              = gsS20191105S075_flat.fits
Correct for slit function         = no
Keep combined flat combflat       = no

Fitting parameters for Spectral Flatfield: 
  interactive = yes
  function    = spline3
  order       = 1
  low_reject  = 3.
  high_reject = 3.
  niterate    = 2
  Fit detectors separately fl_detec = yes

Overscan Subtraction fl_over   = no
Trim image           fl_trim   = no
Bias Subtraction     fl_bias   = no
Dark Subtraction     fl_dark   = no
QE Correction        fl_qecorr = no
VAR & DQ planes      fl_vardq  = no
Fixpix chip gaps     fl_fixpix = no
Oversize slit length fl_oversize = yes
Fit detec. by detec. fl_detec  = yes
Fit rows separately  fl_seprows = yes
Use gradient method  fl_usegrad= no
Mask emission lines  fl_emis   = no
Reference image      refimage  = 
N&S double flatfield fl_double = no

bias        = 
dark        = 
qe_refim    = 
qe_corrim   = 
qe_corrpref = qecorr
sci_ext     = SCI
var_ext     = VAR
dq_ext      = DQ
bpm         = 
key_mdf     = MASKNAME
mdffile     = 
mdfdir      = rawdir$
Chip gaps   = gmos$data/chipgaps.dat
rawpath     = 

GSFLAT: Image #1 - Working on : gsS20191105S0275.fits
 
WARNING - GSFLAT: only one image.
 
 
GSFLAT: Begin fitting response functions for detectors
 
GSFLAT: fitting response functions for CCD1
        sample in fitting 12:256
