----------------------------------------------------------------------------
GBIAS -- Tue Sep 26 09:40:49 -03 2023

ERROR - GBIAS: The input list bias.list does not exist.

GBIAS: Exit status: ERROR.
----------------------------------------------------------------------------
----------------------------------------------------------------------------
GBIAS -- Tue Sep 26 09:41:09 -03 2023

Input images:
  {\rtf1\ansi\ansicpg1252\cocoartf1671\cocoasubrtf600
  {\fonttbl\f0\fswiss\fcharset0Helvetica;}
  {\colortbl;\red255\green255\blue255;}
  {\*\expandedcolortbl;;}
  \margl1440\margr1440\vieww10800\viewh8400\viewkind0
  \pard\tx566\tx1133\tx1700\tx2267\tx2834\tx3401\tx3968\tx4535\tx5102\tx5669\tx6236\tx6803\pardirnatural\partightenfactor0
  \f0\fs24\cf0S20191105S0332.fits\
  S20191105S0333.fits\
  S20191105S0334.fits\
  S20191105S0335.fits\
  S20191105S0336.fits}

Output bias image: out_bias.fits
 
ERROR - GBIAS: File rawdir${\rtf1\ansi\ansicpg1252\cocoartf1671\cocoasubrtf600 not found.

GBIAS: Exit status: ERROR.
----------------------------------------------------------------------------
----------------------------------------------------------------------------
GBIAS -- Tue Sep 26 09:42:36 -03 2023

Input images:
  {\rtf1\ansi\ansicpg1252\cocoartf1671\cocoasubrtf600
  {\fonttbl\f0\fswiss\fcharset0Helvetica;}
  {\colortbl;\red255\green255\blue255;}
  {\*\expandedcolortbl;;}
  \margl1440\margr1440\vieww10800\viewh8400\viewkind0
  \pard\tx566\tx1133\tx1700\tx2267\tx2834\tx3401\tx3968\tx4535\tx5102\tx5669\tx6236\tx6803\pardirnatural\partightenfactor0
  \f0\fs24\cf0S20191105S0332.fits\
  S20191105S0333.fits\
  S20191105S0334.fits\
  S20191105S0335.fits\
  S20191105S0336.fits}

Output bias image: out_bias.fits
 
ERROR - GBIAS: File rawdir${\rtf1\ansi\ansicpg1252\cocoartf1671\cocoasubrtf600 not found.

GBIAS: Exit status: ERROR.
----------------------------------------------------------------------------
----------------------------------------------------------------------------
GBIAS -- Tue Sep 26 09:45:13 -03 2023

ERROR - GBIAS: The input list bias.list does not exist.

GBIAS: Exit status: ERROR.
----------------------------------------------------------------------------
----------------------------------------------------------------------------
GBIAS -- Tue Sep 26 09:45:23 -03 2023

Input images:
  S20120916S0132.fits
  S20120916S0133.fits
  S20120916S0134.fits
  S20120916S0135.fits

Output bias image: out_bias.fits
 
ERROR - GBIAS: File rawdir$S20120916S0132.fits not found.

GBIAS: Exit status: ERROR.
----------------------------------------------------------------------------
----------------------------------------------------------------------------
GBIAS -- Tue Sep 26 09:46:13 -03 2023

Input images:
  S20191105S0332.fits
  S20191105S0333.fits
  S20191105S0334.fits
  S20191105S0335.fits
  S20191105S0336.fits

Output bias image: out_bias.fits
 
----------------------------------------------------------------------------
GIREDUCE -- Tue Sep 26 09:46:13 -03 2023

----------------------------------------------------------------------------
GPREPARE -- Tue Sep 26 09:46:13 -03 2023

Input list    = rawdir$S20191105S0332
Output list   = 
Output prefix = g
Raw path      = 
MDF dir       = gmos$data/
Add MDF       = no

Input  rawdir$S20191105S0332.fits   Output  gS20191105S0332.fits
GGDBHELPER: gain database selected - gmos$data/gmosamps.dat
--------------------------------------------------------------------------------
GGAIN -- Started: 2023-09-26T12:46:15
File[extension]:             AMPNAME              GAIN   READNOISE
gS20191105S0332.fits[SCI,1]: " "BI5-36-4k-2, 4""  1.834  4.04
gS20191105S0332.fits[SCI,2]: " "BI5-36-4k-2, 3""  1.874  4.28
gS20191105S0332.fits[SCI,3]: " "BI5-36-4k-2, 2""  1.878  4.24
gS20191105S0332.fits[SCI,4]: " "BI5-36-4k-2, 1""  1.852  4.21
gS20191105S0332.fits[SCI,5]: " "BI11-33-4k-1, 4""  1.908  3.90
gS20191105S0332.fits[SCI,6]: " "BI11-33-4k-1, 3""  1.933  4.24
gS20191105S0332.fits[SCI,7]: " "BI11-33-4k-1, 2""  1.840  4.07
gS20191105S0332.fits[SCI,8]: " "BI11-33-4k-1, 1""  1.878  4.29
gS20191105S0332.fits[SCI,9]: " "BI12-34-4k-1, 4""  1.813  4.15
gS20191105S0332.fits[SCI,10]: " "BI12-34-4k-1, 3""  1.724  3.61
gS20191105S0332.fits[SCI,11]: " "BI12-34-4k-1, 2""  1.761  3.72
gS20191105S0332.fits[SCI,12]: " "BI12-34-4k-1, 1""  1.652  3.53

GGAIN -- Finished: 2023-09-26T12:46:16

GGAIN -- Exit staus: GOOD

--------------------------------------------------------------------------------

GPREPARE exit status: good.
----------------------------------------------------------------------------
----------------------------------------------------------------------------
GPREPARE -- Tue Sep 26 09:46:16 -03 2023

Input list    = rawdir$S20191105S0333
Output list   = 
Output prefix = g
Raw path      = 
MDF dir       = gmos$data/
Add MDF       = no

Input  rawdir$S20191105S0333.fits   Output  gS20191105S0333.fits
GGDBHELPER: gain database selected - gmos$data/gmosamps.dat
--------------------------------------------------------------------------------
GGAIN -- Started: 2023-09-26T12:46:18
File[extension]:             AMPNAME              GAIN   READNOISE
gS20191105S0333.fits[SCI,1]: " "BI5-36-4k-2, 4""  1.834  4.04
gS20191105S0333.fits[SCI,2]: " "BI5-36-4k-2, 3""  1.874  4.28
gS20191105S0333.fits[SCI,3]: " "BI5-36-4k-2, 2""  1.878  4.24
gS20191105S0333.fits[SCI,4]: " "BI5-36-4k-2, 1""  1.852  4.21
gS20191105S0333.fits[SCI,5]: " "BI11-33-4k-1, 4""  1.908  3.90
gS20191105S0333.fits[SCI,6]: " "BI11-33-4k-1, 3""  1.933  4.24
gS20191105S0333.fits[SCI,7]: " "BI11-33-4k-1, 2""  1.840  4.07
gS20191105S0333.fits[SCI,8]: " "BI11-33-4k-1, 1""  1.878  4.29
gS20191105S0333.fits[SCI,9]: " "BI12-34-4k-1, 4""  1.813  4.15
gS20191105S0333.fits[SCI,10]: " "BI12-34-4k-1, 3""  1.724  3.61
gS20191105S0333.fits[SCI,11]: " "BI12-34-4k-1, 2""  1.761  3.72
gS20191105S0333.fits[SCI,12]: " "BI12-34-4k-1, 1""  1.652  3.53

GGAIN -- Finished: 2023-09-26T12:46:19

GGAIN -- Exit staus: GOOD

--------------------------------------------------------------------------------

GPREPARE exit status: good.
----------------------------------------------------------------------------
----------------------------------------------------------------------------
GPREPARE -- Tue Sep 26 09:46:19 -03 2023

Input list    = rawdir$S20191105S0334
Output list   = 
Output prefix = g
Raw path      = 
MDF dir       = gmos$data/
Add MDF       = no

Input  rawdir$S20191105S0334.fits   Output  gS20191105S0334.fits
GGDBHELPER: gain database selected - gmos$data/gmosamps.dat
--------------------------------------------------------------------------------
GGAIN -- Started: 2023-09-26T12:46:20
File[extension]:             AMPNAME              GAIN   READNOISE
gS20191105S0334.fits[SCI,1]: " "BI5-36-4k-2, 4""  1.834  4.04
gS20191105S0334.fits[SCI,2]: " "BI5-36-4k-2, 3""  1.874  4.28
gS20191105S0334.fits[SCI,3]: " "BI5-36-4k-2, 2""  1.878  4.24
gS20191105S0334.fits[SCI,4]: " "BI5-36-4k-2, 1""  1.852  4.21
gS20191105S0334.fits[SCI,5]: " "BI11-33-4k-1, 4""  1.908  3.90
gS20191105S0334.fits[SCI,6]: " "BI11-33-4k-1, 3""  1.933  4.24
gS20191105S0334.fits[SCI,7]: " "BI11-33-4k-1, 2""  1.840  4.07
gS20191105S0334.fits[SCI,8]: " "BI11-33-4k-1, 1""  1.878  4.29
gS20191105S0334.fits[SCI,9]: " "BI12-34-4k-1, 4""  1.813  4.15
gS20191105S0334.fits[SCI,10]: " "BI12-34-4k-1, 3""  1.724  3.61
gS20191105S0334.fits[SCI,11]: " "BI12-34-4k-1, 2""  1.761  3.72
gS20191105S0334.fits[SCI,12]: " "BI12-34-4k-1, 1""  1.652  3.53

GGAIN -- Finished: 2023-09-26T12:46:22

GGAIN -- Exit staus: GOOD

--------------------------------------------------------------------------------

GPREPARE exit status: good.
----------------------------------------------------------------------------
----------------------------------------------------------------------------
GPREPARE -- Tue Sep 26 09:46:22 -03 2023

Input list    = rawdir$S20191105S0335
Output list   = 
Output prefix = g
Raw path      = 
MDF dir       = gmos$data/
Add MDF       = no

Input  rawdir$S20191105S0335.fits   Output  gS20191105S0335.fits
GGDBHELPER: gain database selected - gmos$data/gmosamps.dat
--------------------------------------------------------------------------------
GGAIN -- Started: 2023-09-26T12:46:23
File[extension]:             AMPNAME              GAIN   READNOISE
gS20191105S0335.fits[SCI,1]: " "BI5-36-4k-2, 4""  1.834  4.04
gS20191105S0335.fits[SCI,2]: " "BI5-36-4k-2, 3""  1.874  4.28
gS20191105S0335.fits[SCI,3]: " "BI5-36-4k-2, 2""  1.878  4.24
gS20191105S0335.fits[SCI,4]: " "BI5-36-4k-2, 1""  1.852  4.21
gS20191105S0335.fits[SCI,5]: " "BI11-33-4k-1, 4""  1.908  3.90
gS20191105S0335.fits[SCI,6]: " "BI11-33-4k-1, 3""  1.933  4.24
gS20191105S0335.fits[SCI,7]: " "BI11-33-4k-1, 2""  1.840  4.07
gS20191105S0335.fits[SCI,8]: " "BI11-33-4k-1, 1""  1.878  4.29
gS20191105S0335.fits[SCI,9]: " "BI12-34-4k-1, 4""  1.813  4.15
gS20191105S0335.fits[SCI,10]: " "BI12-34-4k-1, 3""  1.724  3.61
gS20191105S0335.fits[SCI,11]: " "BI12-34-4k-1, 2""  1.761  3.72
gS20191105S0335.fits[SCI,12]: " "BI12-34-4k-1, 1""  1.652  3.53

GGAIN -- Finished: 2023-09-26T12:46:25

GGAIN -- Exit staus: GOOD

--------------------------------------------------------------------------------

GPREPARE exit status: good.
----------------------------------------------------------------------------
----------------------------------------------------------------------------
GPREPARE -- Tue Sep 26 09:46:25 -03 2023

Input list    = rawdir$S20191105S0336
Output list   = 
Output prefix = g
Raw path      = 
MDF dir       = gmos$data/
Add MDF       = no

Input  rawdir$S20191105S0336.fits   Output  gS20191105S0336.fits
GGDBHELPER: gain database selected - gmos$data/gmosamps.dat
--------------------------------------------------------------------------------
GGAIN -- Started: 2023-09-26T12:46:26
File[extension]:             AMPNAME              GAIN   READNOISE
gS20191105S0336.fits[SCI,1]: " "BI5-36-4k-2, 4""  1.834  4.04
gS20191105S0336.fits[SCI,2]: " "BI5-36-4k-2, 3""  1.874  4.28
gS20191105S0336.fits[SCI,3]: " "BI5-36-4k-2, 2""  1.878  4.24
gS20191105S0336.fits[SCI,4]: " "BI5-36-4k-2, 1""  1.852  4.21
gS20191105S0336.fits[SCI,5]: " "BI11-33-4k-1, 4""  1.908  3.90
gS20191105S0336.fits[SCI,6]: " "BI11-33-4k-1, 3""  1.933  4.24
gS20191105S0336.fits[SCI,7]: " "BI11-33-4k-1, 2""  1.840  4.07
gS20191105S0336.fits[SCI,8]: " "BI11-33-4k-1, 1""  1.878  4.29
gS20191105S0336.fits[SCI,9]: " "BI12-34-4k-1, 4""  1.813  4.15
gS20191105S0336.fits[SCI,10]: " "BI12-34-4k-1, 3""  1.724  3.61
gS20191105S0336.fits[SCI,11]: " "BI12-34-4k-1, 2""  1.761  3.72
gS20191105S0336.fits[SCI,12]: " "BI12-34-4k-1, 1""  1.652  3.53

GGAIN -- Finished: 2023-09-26T12:46:28

GGAIN -- Exit staus: GOOD

--------------------------------------------------------------------------------

GPREPARE exit status: good.
----------------------------------------------------------------------------

Input files:
gS20191105S0332
gS20191105S0333
gS20191105S0334
gS20191105S0335
gS20191105S0336

Output files:
tmpfile5297taS20191105S0332
tmpfile5297taS20191105S0333
tmpfile5297taS20191105S0334
tmpfile5297taS20191105S0335
tmpfile5297taS20191105S0336

GIREDUCE: Image tmpfile5297taS20191105S0332 overscan subtracted
GIREDUCE: Image tmpfile5297taS20191105S0333 overscan subtracted
GIREDUCE: Image tmpfile5297taS20191105S0334 overscan subtracted
GIREDUCE: Image tmpfile5297taS20191105S0335 overscan subtracted
GIREDUCE: Image tmpfile5297taS20191105S0336 overscan subtracted
GIREDUCE: Image tmpfile5297taS20191105S0332 trimmed
GIREDUCE: Image tmpfile5297taS20191105S0333 trimmed
GIREDUCE: Image tmpfile5297taS20191105S0334 trimmed
GIREDUCE: Image tmpfile5297taS20191105S0335 trimmed
GIREDUCE: Image tmpfile5297taS20191105S0336 trimmed


GIREDUCE - Cleaning up -- Tue Sep 26 09:51:15 -03 2023

GIREDUCE -- Tue Sep 26 09:51:15 -03 2023
GIREDUCE exit status:  good.
----------------------------------------------------------------------------
--------------------------------------------------------------------------------
GEMCOMBINE -- Tue Sep 26 09:51:15 -03 2023
 
GEMCOMBINE: input = @tmpcombin5297qa
GEMCOMBINE: output = out_bias.fits
GEMCOMBINE: title = Bias
GEMCOMBINE: bpmfile = 
GEMCOMBINE: sci_ext = SCI
GEMCOMBINE: var_ext = VAR
GEMCOMBINE: dq_ext = DQ
 
WARNING - GEMCOMBINE: five or less images to combine.

Sep 26  9:51: IMCOMBINE
  combine = average, scale = none, zero = none, weight = none
  reject = avsigclip, mclip = yes, nkeep = 1
  lsigma = 3., hsigma = 3.
  blank = 0.
  statsec = Sep 26  9:51
                Images 
  tmpfile5297taS20191105S0332.fits[SCI,1]
  tmpfile5297taS20191105S0333.fits[SCI,1]
  tmpfile5297taS20191105S0334.fits[SCI,1]
  tmpfile5297taS20191105S0335.fits[SCI,1]
  tmpfile5297taS20191105S0336.fits[SCI,1]

  Output image = tmpcombout5297ke, ncombine = 5
WARNING - GEMCOMBINE: five or less images to combine.

Sep 26  9:51: IMCOMBINE
  combine = average, scale = none, zero = none, weight = none
  reject = avsigclip, mclip = yes, nkeep = 1
  lsigma = 3., hsigma = 3.
  blank = 0.
  statsec = Sep 26  9:51
                Images 
  tmpfile5297taS20191105S0332.fits[SCI,2]
  tmpfile5297taS20191105S0333.fits[SCI,2]
  tmpfile5297taS20191105S0334.fits[SCI,2]
  tmpfile5297taS20191105S0335.fits[SCI,2]
  tmpfile5297taS20191105S0336.fits[SCI,2]

  Output image = tmpcombout5297te, ncombine = 5
WARNING - GEMCOMBINE: five or less images to combine.

Sep 26  9:51: IMCOMBINE
  combine = average, scale = none, zero = none, weight = none
  reject = avsigclip, mclip = yes, nkeep = 1
  lsigma = 3., hsigma = 3.
  blank = 0.
  statsec = Sep 26  9:51
                Images 
  tmpfile5297taS20191105S0332.fits[SCI,3]
  tmpfile5297taS20191105S0333.fits[SCI,3]
  tmpfile5297taS20191105S0334.fits[SCI,3]
  tmpfile5297taS20191105S0335.fits[SCI,3]
  tmpfile5297taS20191105S0336.fits[SCI,3]

  Output image = tmpcombout5297xe, ncombine = 5
WARNING - GEMCOMBINE: five or less images to combine.

Sep 26  9:51: IMCOMBINE
  combine = average, scale = none, zero = none, weight = none
  reject = avsigclip, mclip = yes, nkeep = 1
  lsigma = 3., hsigma = 3.
  blank = 0.
  statsec = Sep 26  9:51
                Images 
  tmpfile5297taS20191105S0332.fits[SCI,4]
  tmpfile5297taS20191105S0333.fits[SCI,4]
  tmpfile5297taS20191105S0334.fits[SCI,4]
  tmpfile5297taS20191105S0335.fits[SCI,4]
  tmpfile5297taS20191105S0336.fits[SCI,4]

  Output image = tmpcombout5297bf, ncombine = 5
WARNING - GEMCOMBINE: five or less images to combine.

Sep 26  9:51: IMCOMBINE
  combine = average, scale = none, zero = none, weight = none
  reject = avsigclip, mclip = yes, nkeep = 1
  lsigma = 3., hsigma = 3.
  blank = 0.
  statsec = Sep 26  9:51
                Images 
  tmpfile5297taS20191105S0332.fits[SCI,5]
  tmpfile5297taS20191105S0333.fits[SCI,5]
  tmpfile5297taS20191105S0334.fits[SCI,5]
  tmpfile5297taS20191105S0335.fits[SCI,5]
  tmpfile5297taS20191105S0336.fits[SCI,5]

  Output image = tmpcombout5297ff, ncombine = 5
WARNING - GEMCOMBINE: five or less images to combine.

Sep 26  9:51: IMCOMBINE
  combine = average, scale = none, zero = none, weight = none
  reject = avsigclip, mclip = yes, nkeep = 1
  lsigma = 3., hsigma = 3.
  blank = 0.
  statsec = Sep 26  9:51
                Images 
  tmpfile5297taS20191105S0332.fits[SCI,6]
  tmpfile5297taS20191105S0333.fits[SCI,6]
  tmpfile5297taS20191105S0334.fits[SCI,6]
  tmpfile5297taS20191105S0335.fits[SCI,6]
  tmpfile5297taS20191105S0336.fits[SCI,6]

  Output image = tmpcombout5297jf, ncombine = 5
WARNING - GEMCOMBINE: five or less images to combine.

Sep 26  9:51: IMCOMBINE
  combine = average, scale = none, zero = none, weight = none
  reject = avsigclip, mclip = yes, nkeep = 1
  lsigma = 3., hsigma = 3.
  blank = 0.
  statsec = Sep 26  9:51
                Images 
  tmpfile5297taS20191105S0332.fits[SCI,7]
  tmpfile5297taS20191105S0333.fits[SCI,7]
  tmpfile5297taS20191105S0334.fits[SCI,7]
  tmpfile5297taS20191105S0335.fits[SCI,7]
  tmpfile5297taS20191105S0336.fits[SCI,7]

  Output image = tmpcombout5297nf, ncombine = 5
WARNING - GEMCOMBINE: five or less images to combine.

Sep 26  9:51: IMCOMBINE
  combine = average, scale = none, zero = none, weight = none
  reject = avsigclip, mclip = yes, nkeep = 1
  lsigma = 3., hsigma = 3.
  blank = 0.
  statsec = Sep 26  9:51
                Images 
  tmpfile5297taS20191105S0332.fits[SCI,8]
  tmpfile5297taS20191105S0333.fits[SCI,8]
  tmpfile5297taS20191105S0334.fits[SCI,8]
  tmpfile5297taS20191105S0335.fits[SCI,8]
  tmpfile5297taS20191105S0336.fits[SCI,8]

  Output image = tmpcombout5297rf, ncombine = 5
WARNING - GEMCOMBINE: five or less images to combine.

Sep 26  9:51: IMCOMBINE
  combine = average, scale = none, zero = none, weight = none
  reject = avsigclip, mclip = yes, nkeep = 1
  lsigma = 3., hsigma = 3.
  blank = 0.
  statsec = Sep 26  9:51
                Images 
  tmpfile5297taS20191105S0332.fits[SCI,9]
  tmpfile5297taS20191105S0333.fits[SCI,9]
  tmpfile5297taS20191105S0334.fits[SCI,9]
  tmpfile5297taS20191105S0335.fits[SCI,9]
  tmpfile5297taS20191105S0336.fits[SCI,9]

  Output image = tmpcombout5297vf, ncombine = 5
WARNING - GEMCOMBINE: five or less images to combine.

Sep 26  9:51: IMCOMBINE
  combine = average, scale = none, zero = none, weight = none
  reject = avsigclip, mclip = yes, nkeep = 1
  lsigma = 3., hsigma = 3.
  blank = 0.
  statsec = Sep 26  9:51
                Images 
  tmpfile5297taS20191105S0332.fits[SCI,10]
  tmpfile5297taS20191105S0333.fits[SCI,10]
  tmpfile5297taS20191105S0334.fits[SCI,10]
  tmpfile5297taS20191105S0335.fits[SCI,10]
  tmpfile5297taS20191105S0336.fits[SCI,10]

  Output image = tmpcombout5297zf, ncombine = 5
WARNING - GEMCOMBINE: five or less images to combine.

Sep 26  9:51: IMCOMBINE
  combine = average, scale = none, zero = none, weight = none
  reject = avsigclip, mclip = yes, nkeep = 1
  lsigma = 3., hsigma = 3.
  blank = 0.
  statsec = Sep 26  9:51
                Images 
  tmpfile5297taS20191105S0332.fits[SCI,11]
  tmpfile5297taS20191105S0333.fits[SCI,11]
  tmpfile5297taS20191105S0334.fits[SCI,11]
  tmpfile5297taS20191105S0335.fits[SCI,11]
  tmpfile5297taS20191105S0336.fits[SCI,11]

  Output image = tmpcombout5297dg, ncombine = 5
WARNING - GEMCOMBINE: five or less images to combine.

Sep 26  9:51: IMCOMBINE
  combine = average, scale = none, zero = none, weight = none
  reject = avsigclip, mclip = yes, nkeep = 1
  lsigma = 3., hsigma = 3.
  blank = 0.
  statsec = Sep 26  9:51
                Images 
  tmpfile5297taS20191105S0332.fits[SCI,12]
  tmpfile5297taS20191105S0333.fits[SCI,12]
  tmpfile5297taS20191105S0334.fits[SCI,12]
  tmpfile5297taS20191105S0335.fits[SCI,12]
  tmpfile5297taS20191105S0336.fits[SCI,12]

  Output image = tmpcombout5297hg, ncombine = 5
 
GEMCOMBINE -- Finished: Tue Sep 26 09:51:35 -03 2023
 
GEMCOMBINE -- Exit status: GOOD
--------------------------------------------------------------------------------

GBIAS: Exit status: GOOD.
----------------------------------------------------------------------------

----------------------------------------------------------------------------
GSREDUCE -- Tue Sep 26 16:16:51 -03 2023

Input image or list  = @obj.list.txt
Output image or list = 
Output prefix        = gs

Overscan subtraction  fl_over      = yes
Trim image            fl_trim      = yes
Bias subtraction      fl_bias      = yes
Cosmic ray cleaning   fl_gscrrej   = no
New CR cleaning       fl_crspec    = no
Dark subtraction      fl_dark      = no
QE Correction         fl_qecorr    = no
Flat field correction fl_flat      = no
Mosaic the CCDs       fl_gmosaic   = no
Fixpix chip gaps      fl_fixpix    = no
Cut MOS spectra       fl_cut       = no
Add titles to MOS     fl_title     = yes
Oversize slit length  fl_oversize  = yes
Run gsappwave         fl_gsappwave = no
Run gsscatsub         fl_scatsub   = no
VAR & DQ planes       fl_vardq     = no

geointer = linear
gradimage= 
refimage = 
bias     = caldir$out_bias.fits
dark     = 
qe_refim    = 
qe_corrim   = 
qe_corrpref = qecorr
flatim   = 
sci_ext  = SCI
var_ext  = VAR
dq_ext   = DQ
key_mdf  = MASKNAME
mdffile  = 
mdfdir   = rawdir$
bpm      = 
Chip gaps= gmos$data/chipgaps.dat

Input image = S20191105S0274.fits; Output image = gsS20191105S0274.fits
GSREDUCE: Image S20191105S0274.fits has been QE corrected? no
GGDBHELPER: gain database selected - gmos$data/gmosamps.dat
GSREDUCE: Calling GIREDUCE to process image
----------------------------------------------------------------------------
GIREDUCE -- Tue Sep 26 16:16:52 -03 2023

----------------------------------------------------------------------------
GPREPARE -- Tue Sep 26 16:16:52 -03 2023

Input list    = S20191105S0274
Output list   = 
Output prefix = g
Raw path      = rawdir$
MDF dir       = rawdir$
Add MDF       = yes
Input MDF in case header keyword not found = 

Input  rawdir$S20191105S0274.fits   Output  gS20191105S0274.fits
GPREPARE: Using MDF defined in the header GS2019BQ103-01
GPREPARE: Taking MDF from directory rawdir$
--------------------------------------------------------------------------------
GGAIN -- Started: 2023-09-26T19:16:54
File[extension]:             AMPNAME              GAIN   READNOISE
gS20191105S0274.fits[SCI,1]: " "BI5-36-4k-2, 4""  1.834  4.04
gS20191105S0274.fits[SCI,2]: " "BI5-36-4k-2, 3""  1.874  4.28
gS20191105S0274.fits[SCI,3]: " "BI5-36-4k-2, 2""  1.878  4.24
gS20191105S0274.fits[SCI,4]: " "BI5-36-4k-2, 1""  1.852  4.21
gS20191105S0274.fits[SCI,5]: " "BI11-33-4k-1, 4""  1.908  3.90
gS20191105S0274.fits[SCI,6]: " "BI11-33-4k-1, 3""  1.933  4.24
gS20191105S0274.fits[SCI,7]: " "BI11-33-4k-1, 2""  1.840  4.07
gS20191105S0274.fits[SCI,8]: " "BI11-33-4k-1, 1""  1.878  4.29
gS20191105S0274.fits[SCI,9]: " "BI12-34-4k-1, 4""  1.813  4.15
gS20191105S0274.fits[SCI,10]: " "BI12-34-4k-1, 3""  1.724  3.61
gS20191105S0274.fits[SCI,11]: " "BI12-34-4k-1, 2""  1.761  3.72
gS20191105S0274.fits[SCI,12]: " "BI12-34-4k-1, 1""  1.652  3.53

GGAIN -- Finished: 2023-09-26T19:16:55

GGAIN -- Exit staus: GOOD

--------------------------------------------------------------------------------

GPREPARE exit status: good.
----------------------------------------------------------------------------

Input files:
gS20191105S0274

Output files:
tmpimage15297pg

GIREDUCE: Image tmpimage15297pg overscan subtracted
GIREDUCE: Image tmpimage15297pg trimmed

Output image       Bias                 Flat               Dark       Scale 
tmpimage15297pg    caldir$out_bias      INDEF              INDEF       0.00
GIREDUCE: Subtracted bias caldir$out_bias from tmpimage15297pg
GIREDUCE: multiplying image tmpimage15297pg by gain
--------------------------------------------------------------------------------
GGAIN -- Started: 2023-09-26T19:18:17
File[extension]:             AMPNAME              GAIN   READNOISE
tmpimage15297pg.fits[SCI,1]: " "BI5-36-4k-2, 4""  1.834  4.04
tmpimage15297pg.fits[SCI,2]: " "BI5-36-4k-2, 3""  1.874  4.28
tmpimage15297pg.fits[SCI,3]: " "BI5-36-4k-2, 2""  1.878  4.24
tmpimage15297pg.fits[SCI,4]: " "BI5-36-4k-2, 1""  1.852  4.21
tmpimage15297pg.fits[SCI,5]: " "BI11-33-4k-1, 4""  1.908  3.90
tmpimage15297pg.fits[SCI,6]: " "BI11-33-4k-1, 3""  1.933  4.24
tmpimage15297pg.fits[SCI,7]: " "BI11-33-4k-1, 2""  1.840  4.07
tmpimage15297pg.fits[SCI,8]: " "BI11-33-4k-1, 1""  1.878  4.29
tmpimage15297pg.fits[SCI,9]: " "BI12-34-4k-1, 4""  1.813  4.15
tmpimage15297pg.fits[SCI,10]: " "BI12-34-4k-1, 3""  1.724  3.61
tmpimage15297pg.fits[SCI,11]: " "BI12-34-4k-1, 2""  1.761  3.72
tmpimage15297pg.fits[SCI,12]: " "BI12-34-4k-1, 1""  1.652  3.53

GGAIN -- Finished: 2023-09-26T19:18:53

GGAIN -- Exit staus: GOOD

--------------------------------------------------------------------------------
GIREDUCE: output counts in electrons

GIREDUCE - Cleaning up -- Tue Sep 26 16:18:53 -03 2023

GIREDUCE -- Tue Sep 26 16:18:53 -03 2023
GIREDUCE exit status:  good.
----------------------------------------------------------------------------
GSREDUCE: Updating PHU and cleaning up
Input image = S20191105S0279.fits; Output image = gsS20191105S0279.fits
GSREDUCE: Image S20191105S0279.fits has been QE corrected? no
GGDBHELPER: gain database selected - gmos$data/gmosamps.dat
GSREDUCE: Calling GIREDUCE to process image
----------------------------------------------------------------------------
GIREDUCE -- Tue Sep 26 16:18:53 -03 2023

----------------------------------------------------------------------------
GPREPARE -- Tue Sep 26 16:18:53 -03 2023

Input list    = S20191105S0279
Output list   = 
Output prefix = g
Raw path      = rawdir$
MDF dir       = rawdir$
Add MDF       = yes
Input MDF in case header keyword not found = 

Input  rawdir$S20191105S0279.fits   Output  gS20191105S0279.fits
GPREPARE: Using MDF defined in the header GS2019BQ103-01
GPREPARE: Taking MDF from directory rawdir$
--------------------------------------------------------------------------------
GGAIN -- Started: 2023-09-26T19:18:55
File[extension]:             AMPNAME              GAIN   READNOISE
gS20191105S0279.fits[SCI,1]: " "BI5-36-4k-2, 4""  1.834  4.04
gS20191105S0279.fits[SCI,2]: " "BI5-36-4k-2, 3""  1.874  4.28
gS20191105S0279.fits[SCI,3]: " "BI5-36-4k-2, 2""  1.878  4.24
gS20191105S0279.fits[SCI,4]: " "BI5-36-4k-2, 1""  1.852  4.21
gS20191105S0279.fits[SCI,5]: " "BI11-33-4k-1, 4""  1.908  3.90
gS20191105S0279.fits[SCI,6]: " "BI11-33-4k-1, 3""  1.933  4.24
gS20191105S0279.fits[SCI,7]: " "BI11-33-4k-1, 2""  1.840  4.07
gS20191105S0279.fits[SCI,8]: " "BI11-33-4k-1, 1""  1.878  4.29
gS20191105S0279.fits[SCI,9]: " "BI12-34-4k-1, 4""  1.813  4.15
gS20191105S0279.fits[SCI,10]: " "BI12-34-4k-1, 3""  1.724  3.61
gS20191105S0279.fits[SCI,11]: " "BI12-34-4k-1, 2""  1.761  3.72
gS20191105S0279.fits[SCI,12]: " "BI12-34-4k-1, 1""  1.652  3.53

GGAIN -- Finished: 2023-09-26T19:18:57

GGAIN -- Exit staus: GOOD

--------------------------------------------------------------------------------

GPREPARE exit status: good.
----------------------------------------------------------------------------

Input files:
gS20191105S0279

Output files:
tmpimage15297oh

GIREDUCE: Image tmpimage15297oh overscan subtracted
GIREDUCE: Image tmpimage15297oh trimmed

Output image       Bias                 Flat               Dark       Scale 
tmpimage15297oh    caldir$out_bias      INDEF              INDEF       0.00
GIREDUCE: Subtracted bias caldir$out_bias from tmpimage15297oh
GIREDUCE: multiplying image tmpimage15297oh by gain
--------------------------------------------------------------------------------
GGAIN -- Started: 2023-09-26T19:19:35
File[extension]:             AMPNAME              GAIN   READNOISE
tmpimage15297oh.fits[SCI,1]: " "BI5-36-4k-2, 4""  1.834  4.04
tmpimage15297oh.fits[SCI,2]: " "BI5-36-4k-2, 3""  1.874  4.28
tmpimage15297oh.fits[SCI,3]: " "BI5-36-4k-2, 2""  1.878  4.24
tmpimage15297oh.fits[SCI,4]: " "BI5-36-4k-2, 1""  1.852  4.21
tmpimage15297oh.fits[SCI,5]: " "BI11-33-4k-1, 4""  1.908  3.90
tmpimage15297oh.fits[SCI,6]: " "BI11-33-4k-1, 3""  1.933  4.24
tmpimage15297oh.fits[SCI,7]: " "BI11-33-4k-1, 2""  1.840  4.07
tmpimage15297oh.fits[SCI,8]: " "BI11-33-4k-1, 1""  1.878  4.29
tmpimage15297oh.fits[SCI,9]: " "BI12-34-4k-1, 4""  1.813  4.15
tmpimage15297oh.fits[SCI,10]: " "BI12-34-4k-1, 3""  1.724  3.61
tmpimage15297oh.fits[SCI,11]: " "BI12-34-4k-1, 2""  1.761  3.72
tmpimage15297oh.fits[SCI,12]: " "BI12-34-4k-1, 1""  1.652  3.53

GGAIN -- Finished: 2023-09-26T19:19:51

GGAIN -- Exit staus: GOOD

--------------------------------------------------------------------------------
GIREDUCE: output counts in electrons

GIREDUCE - Cleaning up -- Tue Sep 26 16:19:51 -03 2023

GIREDUCE -- Tue Sep 26 16:19:51 -03 2023
GIREDUCE exit status:  good.
----------------------------------------------------------------------------
GSREDUCE: Updating PHU and cleaning up
 
GSREDUCE done
----------------------------------------------------------------------------

----------------------------------------------------------------------------
GSREDUCE -- Tue Sep 26 16:32:19 -03 2023

Input image or list  = @flat.list.txt
Output image or list = 
Output prefix        = gs

Overscan subtraction  fl_over      = yes
Trim image            fl_trim      = yes
Bias subtraction      fl_bias      = yes
Cosmic ray cleaning   fl_gscrrej   = no
New CR cleaning       fl_crspec    = no
Dark subtraction      fl_dark      = no
QE Correction         fl_qecorr    = no
Flat field correction fl_flat      = no
Mosaic the CCDs       fl_gmosaic   = no
Fixpix chip gaps      fl_fixpix    = no
Cut MOS spectra       fl_cut       = no
Add titles to MOS     fl_title     = yes
Oversize slit length  fl_oversize  = yes
Run gsappwave         fl_gsappwave = no
Run gsscatsub         fl_scatsub   = no
VAR & DQ planes       fl_vardq     = no

geointer = linear
gradimage= 
refimage = 
bias     = caldir$out_bias.fits
dark     = 
qe_refim    = 
qe_corrim   = 
qe_corrpref = qecorr
flatim   = 
sci_ext  = SCI
var_ext  = VAR
dq_ext   = DQ
key_mdf  = MASKNAME
mdffile  = 
mdfdir   = rawdir$
bpm      = 
Chip gaps= gmos$data/chipgaps.dat

Input image = S20191105S0275.fits; Output image = gsS20191105S0275.fits
GSREDUCE: Image S20191105S0275.fits has been QE corrected? no
GGDBHELPER: gain database selected - gmos$data/gmosamps.dat
GSREDUCE: Calling GIREDUCE to process image
----------------------------------------------------------------------------
GIREDUCE -- Tue Sep 26 16:32:20 -03 2023

----------------------------------------------------------------------------
GPREPARE -- Tue Sep 26 16:32:20 -03 2023

Input list    = S20191105S0275
Output list   = 
Output prefix = g
Raw path      = rawdir$
MDF dir       = rawdir$
Add MDF       = yes
Input MDF in case header keyword not found = 

Input  rawdir$S20191105S0275.fits   Output  gS20191105S0275.fits
GPREPARE: Using MDF defined in the header GS2019BQ103-01
GPREPARE: Taking MDF from directory rawdir$
--------------------------------------------------------------------------------
GGAIN -- Started: 2023-09-26T19:32:22
File[extension]:             AMPNAME              GAIN   READNOISE
gS20191105S0275.fits[SCI,1]: " "BI5-36-4k-2, 4""  1.834  4.04
gS20191105S0275.fits[SCI,2]: " "BI5-36-4k-2, 3""  1.874  4.28
gS20191105S0275.fits[SCI,3]: " "BI5-36-4k-2, 2""  1.878  4.24
gS20191105S0275.fits[SCI,4]: " "BI5-36-4k-2, 1""  1.852  4.21
gS20191105S0275.fits[SCI,5]: " "BI11-33-4k-1, 4""  1.908  3.90
gS20191105S0275.fits[SCI,6]: " "BI11-33-4k-1, 3""  1.933  4.24
gS20191105S0275.fits[SCI,7]: " "BI11-33-4k-1, 2""  1.840  4.07
gS20191105S0275.fits[SCI,8]: " "BI11-33-4k-1, 1""  1.878  4.29
gS20191105S0275.fits[SCI,9]: " "BI12-34-4k-1, 4""  1.813  4.15
gS20191105S0275.fits[SCI,10]: " "BI12-34-4k-1, 3""  1.724  3.61
gS20191105S0275.fits[SCI,11]: " "BI12-34-4k-1, 2""  1.761  3.72
gS20191105S0275.fits[SCI,12]: " "BI12-34-4k-1, 1""  1.652  3.53

GGAIN -- Finished: 2023-09-26T19:32:23

GGAIN -- Exit staus: GOOD

--------------------------------------------------------------------------------

GPREPARE exit status: good.
----------------------------------------------------------------------------

Input files:
gS20191105S0275

Output files:
tmpimage15297ri

GIREDUCE: Image tmpimage15297ri overscan subtracted
GIREDUCE: Image tmpimage15297ri trimmed

Output image       Bias                 Flat               Dark       Scale 
tmpimage15297ri    caldir$out_bias      INDEF              INDEF       0.00
GIREDUCE: Subtracted bias caldir$out_bias from tmpimage15297ri
GIREDUCE: multiplying image tmpimage15297ri by gain
--------------------------------------------------------------------------------
GGAIN -- Started: 2023-09-26T19:32:54
File[extension]:             AMPNAME              GAIN   READNOISE
tmpimage15297ri.fits[SCI,1]: " "BI5-36-4k-2, 4""  1.834  4.04
tmpimage15297ri.fits[SCI,2]: " "BI5-36-4k-2, 3""  1.874  4.28
tmpimage15297ri.fits[SCI,3]: " "BI5-36-4k-2, 2""  1.878  4.24
tmpimage15297ri.fits[SCI,4]: " "BI5-36-4k-2, 1""  1.852  4.21
tmpimage15297ri.fits[SCI,5]: " "BI11-33-4k-1, 4""  1.908  3.90
tmpimage15297ri.fits[SCI,6]: " "BI11-33-4k-1, 3""  1.933  4.24
tmpimage15297ri.fits[SCI,7]: " "BI11-33-4k-1, 2""  1.840  4.07
tmpimage15297ri.fits[SCI,8]: " "BI11-33-4k-1, 1""  1.878  4.29
tmpimage15297ri.fits[SCI,9]: " "BI12-34-4k-1, 4""  1.813  4.15
tmpimage15297ri.fits[SCI,10]: " "BI12-34-4k-1, 3""  1.724  3.61
tmpimage15297ri.fits[SCI,11]: " "BI12-34-4k-1, 2""  1.761  3.72
tmpimage15297ri.fits[SCI,12]: " "BI12-34-4k-1, 1""  1.652  3.53

GGAIN -- Finished: 2023-09-26T19:33:38

GGAIN -- Exit staus: GOOD

--------------------------------------------------------------------------------
GIREDUCE: output counts in electrons

GIREDUCE - Cleaning up -- Tue Sep 26 16:33:38 -03 2023

GIREDUCE -- Tue Sep 26 16:33:38 -03 2023
GIREDUCE exit status:  good.
----------------------------------------------------------------------------
GSREDUCE: Updating PHU and cleaning up
Input image = S20191105S0278.fits; Output image = gsS20191105S0278.fits
GSREDUCE: Image S20191105S0278.fits has been QE corrected? no
GGDBHELPER: gain database selected - gmos$data/gmosamps.dat
GSREDUCE: Calling GIREDUCE to process image
----------------------------------------------------------------------------
GIREDUCE -- Tue Sep 26 16:33:38 -03 2023

----------------------------------------------------------------------------
GPREPARE -- Tue Sep 26 16:33:39 -03 2023

Input list    = S20191105S0278
Output list   = 
Output prefix = g
Raw path      = rawdir$
MDF dir       = rawdir$
Add MDF       = yes
Input MDF in case header keyword not found = 

Input  rawdir$S20191105S0278.fits   Output  gS20191105S0278.fits
GPREPARE: Using MDF defined in the header GS2019BQ103-01
GPREPARE: Taking MDF from directory rawdir$
--------------------------------------------------------------------------------
GGAIN -- Started: 2023-09-26T19:33:40
File[extension]:             AMPNAME              GAIN   READNOISE
gS20191105S0278.fits[SCI,1]: " "BI5-36-4k-2, 4""  1.834  4.04
gS20191105S0278.fits[SCI,2]: " "BI5-36-4k-2, 3""  1.874  4.28
gS20191105S0278.fits[SCI,3]: " "BI5-36-4k-2, 2""  1.878  4.24
gS20191105S0278.fits[SCI,4]: " "BI5-36-4k-2, 1""  1.852  4.21
gS20191105S0278.fits[SCI,5]: " "BI11-33-4k-1, 4""  1.908  3.90
gS20191105S0278.fits[SCI,6]: " "BI11-33-4k-1, 3""  1.933  4.24
gS20191105S0278.fits[SCI,7]: " "BI11-33-4k-1, 2""  1.840  4.07
gS20191105S0278.fits[SCI,8]: " "BI11-33-4k-1, 1""  1.878  4.29
gS20191105S0278.fits[SCI,9]: " "BI12-34-4k-1, 4""  1.813  4.15
gS20191105S0278.fits[SCI,10]: " "BI12-34-4k-1, 3""  1.724  3.61
gS20191105S0278.fits[SCI,11]: " "BI12-34-4k-1, 2""  1.761  3.72
gS20191105S0278.fits[SCI,12]: " "BI12-34-4k-1, 1""  1.652  3.53

GGAIN -- Finished: 2023-09-26T19:33:41

GGAIN -- Exit staus: GOOD

--------------------------------------------------------------------------------

GPREPARE exit status: good.
----------------------------------------------------------------------------

Input files:
gS20191105S0278

Output files:
tmpimage15297qj

GIREDUCE: Image tmpimage15297qj overscan subtracted
GIREDUCE: Image tmpimage15297qj trimmed

Output image       Bias                 Flat               Dark       Scale 
tmpimage15297qj    caldir$out_bias      INDEF              INDEF       0.00
GIREDUCE: Subtracted bias caldir$out_bias from tmpimage15297qj
GIREDUCE: multiplying image tmpimage15297qj by gain
--------------------------------------------------------------------------------
GGAIN -- Started: 2023-09-26T19:35:33
File[extension]:             AMPNAME              GAIN   READNOISE
tmpimage15297qj.fits[SCI,1]: " "BI5-36-4k-2, 4""  1.834  4.04
tmpimage15297qj.fits[SCI,2]: " "BI5-36-4k-2, 3""  1.874  4.28
tmpimage15297qj.fits[SCI,3]: " "BI5-36-4k-2, 2""  1.878  4.24
tmpimage15297qj.fits[SCI,4]: " "BI5-36-4k-2, 1""  1.852  4.21
tmpimage15297qj.fits[SCI,5]: " "BI11-33-4k-1, 4""  1.908  3.90
tmpimage15297qj.fits[SCI,6]: " "BI11-33-4k-1, 3""  1.933  4.24
tmpimage15297qj.fits[SCI,7]: " "BI11-33-4k-1, 2""  1.840  4.07
tmpimage15297qj.fits[SCI,8]: " "BI11-33-4k-1, 1""  1.878  4.29
tmpimage15297qj.fits[SCI,9]: " "BI12-34-4k-1, 4""  1.813  4.15
tmpimage15297qj.fits[SCI,10]: " "BI12-34-4k-1, 3""  1.724  3.61
tmpimage15297qj.fits[SCI,11]: " "BI12-34-4k-1, 2""  1.761  3.72
tmpimage15297qj.fits[SCI,12]: " "BI12-34-4k-1, 1""  1.652  3.53

GGAIN -- Finished: 2023-09-26T19:35:55

GGAIN -- Exit staus: GOOD

--------------------------------------------------------------------------------
GIREDUCE: output counts in electrons

GIREDUCE - Cleaning up -- Tue Sep 26 16:35:56 -03 2023

GIREDUCE -- Tue Sep 26 16:35:56 -03 2023
GIREDUCE exit status:  good.
----------------------------------------------------------------------------
GSREDUCE: Updating PHU and cleaning up
 
GSREDUCE done
----------------------------------------------------------------------------

----------------------------------------------------------------------------
GSREDUCE -- Tue Sep 26 17:15:03 -03 2023

Input image or list  = @arc.list.txt
Output image or list = 
Output prefix        = gs

Overscan subtraction  fl_over      = yes
Trim image            fl_trim      = yes
Bias subtraction      fl_bias      = yes
Cosmic ray cleaning   fl_gscrrej   = no
New CR cleaning       fl_crspec    = no
Dark subtraction      fl_dark      = no
QE Correction         fl_qecorr    = no
Flat field correction fl_flat      = no
Mosaic the CCDs       fl_gmosaic   = yes
Fixpix chip gaps      fl_fixpix    = no
Cut MOS spectra       fl_cut       = yes
Add titles to MOS     fl_title     = yes
Oversize slit length  fl_oversize  = yes
Run gsappwave         fl_gsappwave = yes
Run gsscatsub         fl_scatsub   = no
VAR & DQ planes       fl_vardq     = no

geointer = linear
gradimage= 
refimage = 
bias     = caldir$out_bias.fits
dark     = 
qe_refim    = 
qe_corrim   = 
qe_corrpref = qecorr
flatim   = 
sci_ext  = SCI
var_ext  = VAR
dq_ext   = DQ
key_mdf  = MASKNAME
mdffile  = 
mdfdir   = rawdir$
bpm      = 
Chip gaps= gmos$data/chipgaps.dat

ERROR - GSREDUCE: The input list arc.list.txt does not exist.

----------------------------------------------------------------------------
GSREDUCE -- Tue Sep 26 17:15:34 -03 2023

Input image or list  = @arc.list.txt
Output image or list = 
Output prefix        = gs

Overscan subtraction  fl_over      = yes
Trim image            fl_trim      = yes
Bias subtraction      fl_bias      = yes
Cosmic ray cleaning   fl_gscrrej   = no
New CR cleaning       fl_crspec    = no
Dark subtraction      fl_dark      = no
QE Correction         fl_qecorr    = no
Flat field correction fl_flat      = no
Mosaic the CCDs       fl_gmosaic   = yes
Fixpix chip gaps      fl_fixpix    = no
Cut MOS spectra       fl_cut       = yes
Add titles to MOS     fl_title     = yes
Oversize slit length  fl_oversize  = yes
Run gsappwave         fl_gsappwave = yes
Run gsscatsub         fl_scatsub   = no
VAR & DQ planes       fl_vardq     = no

geointer = linear
gradimage= 
refimage = 
bias     = caldir$out_bias.fits
dark     = 
qe_refim    = 
qe_corrim   = 
qe_corrpref = qecorr
flatim   = 
sci_ext  = SCI
var_ext  = VAR
dq_ext   = DQ
key_mdf  = MASKNAME
mdffile  = 
mdfdir   = rawdir$
bpm      = 
Chip gaps= gmos$data/chipgaps.dat

Input image = S20191105S0276.fits; Output image = gsS20191105S0276.fits
GSREDUCE: Image S20191105S0276.fits has been QE corrected? no
GGDBHELPER: gain database selected - gmos$data/gmosamps.dat
GSREDUCE: Calling GIREDUCE to process image
----------------------------------------------------------------------------
GIREDUCE -- Tue Sep 26 17:15:35 -03 2023

----------------------------------------------------------------------------
GPREPARE -- Tue Sep 26 17:15:35 -03 2023

Input list    = S20191105S0276
Output list   = 
Output prefix = g
Raw path      = rawdir$
MDF dir       = rawdir$
Add MDF       = yes
Input MDF in case header keyword not found = 

Input  rawdir$S20191105S0276.fits   Output  gS20191105S0276.fits
GPREPARE: Using MDF defined in the header GS2019BQ103-01
GPREPARE: Taking MDF from directory rawdir$
--------------------------------------------------------------------------------
GGAIN -- Started: 2023-09-26T20:15:37
File[extension]:             AMPNAME              GAIN   READNOISE
gS20191105S0276.fits[SCI,1]: " "BI5-36-4k-2, 4""  1.834  4.04
gS20191105S0276.fits[SCI,2]: " "BI5-36-4k-2, 3""  1.874  4.28
gS20191105S0276.fits[SCI,3]: " "BI5-36-4k-2, 2""  1.878  4.24
gS20191105S0276.fits[SCI,4]: " "BI5-36-4k-2, 1""  1.852  4.21
gS20191105S0276.fits[SCI,5]: " "BI11-33-4k-1, 4""  1.908  3.90
gS20191105S0276.fits[SCI,6]: " "BI11-33-4k-1, 3""  1.933  4.24
gS20191105S0276.fits[SCI,7]: " "BI11-33-4k-1, 2""  1.840  4.07
gS20191105S0276.fits[SCI,8]: " "BI11-33-4k-1, 1""  1.878  4.29
gS20191105S0276.fits[SCI,9]: " "BI12-34-4k-1, 4""  1.813  4.15
gS20191105S0276.fits[SCI,10]: " "BI12-34-4k-1, 3""  1.724  3.61
gS20191105S0276.fits[SCI,11]: " "BI12-34-4k-1, 2""  1.761  3.72
gS20191105S0276.fits[SCI,12]: " "BI12-34-4k-1, 1""  1.652  3.53

GGAIN -- Finished: 2023-09-26T20:15:38

GGAIN -- Exit staus: GOOD

--------------------------------------------------------------------------------

GPREPARE exit status: good.
----------------------------------------------------------------------------

Input files:
gS20191105S0276

Output files:
tmpimage15297vk

GIREDUCE: Image tmpimage15297vk overscan subtracted
GIREDUCE: Image tmpimage15297vk trimmed

Output image       Bias                 Flat               Dark       Scale 
tmpimage15297vk    caldir$out_bias      INDEF              INDEF       0.00
GIREDUCE: Subtracted bias caldir$out_bias from tmpimage15297vk
GIREDUCE: multiplying image tmpimage15297vk by gain
--------------------------------------------------------------------------------
GGAIN -- Started: 2023-09-26T20:17:29
File[extension]:             AMPNAME              GAIN   READNOISE
tmpimage15297vk.fits[SCI,1]: " "BI5-36-4k-2, 4""  1.834  4.04
tmpimage15297vk.fits[SCI,2]: " "BI5-36-4k-2, 3""  1.874  4.28
tmpimage15297vk.fits[SCI,3]: " "BI5-36-4k-2, 2""  1.878  4.24
tmpimage15297vk.fits[SCI,4]: " "BI5-36-4k-2, 1""  1.852  4.21
tmpimage15297vk.fits[SCI,5]: " "BI11-33-4k-1, 4""  1.908  3.90
tmpimage15297vk.fits[SCI,6]: " "BI11-33-4k-1, 3""  1.933  4.24
tmpimage15297vk.fits[SCI,7]: " "BI11-33-4k-1, 2""  1.840  4.07
tmpimage15297vk.fits[SCI,8]: " "BI11-33-4k-1, 1""  1.878  4.29
tmpimage15297vk.fits[SCI,9]: " "BI12-34-4k-1, 4""  1.813  4.15
tmpimage15297vk.fits[SCI,10]: " "BI12-34-4k-1, 3""  1.724  3.61
tmpimage15297vk.fits[SCI,11]: " "BI12-34-4k-1, 2""  1.761  3.72
tmpimage15297vk.fits[SCI,12]: " "BI12-34-4k-1, 1""  1.652  3.53

GGAIN -- Finished: 2023-09-26T20:17:44

GGAIN -- Exit staus: GOOD

--------------------------------------------------------------------------------
GIREDUCE: output counts in electrons

GIREDUCE - Cleaning up -- Tue Sep 26 17:17:45 -03 2023

GIREDUCE -- Tue Sep 26 17:17:45 -03 2023
GIREDUCE exit status:  good.
----------------------------------------------------------------------------
GSREDUCE: Calling GMOSAIC
BOE  GMOSAIC 2023-09-26T17:17:45
VIS  GMOSAIC 
VIS  GMOSAIC -------------------------------------------------------------------
STAT GMOSAIC Log opened at [Tue 17:17:45 26-Sep-2023]
VIS  GMOSAIC 
VIS  GMOSAIC --------------------
TSK  GMOSAIC Input Parameters:
TSK  GMOSAIC      inimages       = tmpimage15297vk.fits
TSK  GMOSAIC      outimages      = tmpimage25297wk.fits
TSK  GMOSAIC      outpref        = 
TSK  GMOSAIC      fl_paste       = no
TSK  GMOSAIC      fl_vardq       = no
TSK  GMOSAIC      fl_fixpix      = no
TSK  GMOSAIC      fl_clean       = no
TSK  GMOSAIC      fl_fulldq      = no
TSK  GMOSAIC      bitflags       = all
TSK  GMOSAIC      dqthresh       = 0.1
TSK  GMOSAIC      geointer       = linear
TSK  GMOSAIC      gap            = default
TSK  GMOSAIC      bpmfile        = gmos$data/chipgaps.dat
TSK  GMOSAIC      statsec        = default
TSK  GMOSAIC      obsmode        = IMAGE
TSK  GMOSAIC      sci_ext        = SCI
TSK  GMOSAIC      var_ext        = VAR
TSK  GMOSAIC      dq_ext         = DQ
TSK  GMOSAIC      key_detsec     = DETSEC
TSK  GMOSAIC      key_ccdsec     = CCDSEC
TSK  GMOSAIC      key_datsec     = DATASEC
TSK  GMOSAIC      key_ccdsum     = CCDSUM
TSK  GMOSAIC      key_obsmode    = OBSMODE
TSK  GMOSAIC      logfile        = ngc1313.log
TSK  GMOSAIC      verbose        = yes
TSK  GMOSAIC      fl_real        = no
VIS  GMOSAIC --------------------
TSK  GMOSAIC Input: tmpimage15297vk  Output: tmpimage25297wk.fits
TSK  GMOSAIC Found a MDF, copying for later use.
ENG  GMOSAIC imcopy  tmpimage15297vk[SCI,1][1:256,1:2088]  tmptile5297km[1,append][1:256,1:2088]  INDEF  0.
ENG  GMOSAIC imcopy  tmpimage15297vk[SCI,2][1:256,1:2088]  tmptile5297km[1,append][257:512,1:2088]  INDEF  0.
ENG  GMOSAIC imcopy  tmpimage15297vk[SCI,3][1:256,1:2088]  tmptile5297km[1,append][513:768,1:2088]  INDEF  0.
ENG  GMOSAIC imcopy  tmpimage15297vk[SCI,4][1:256,1:2088]  tmptile5297km[1,append][769:1024,1:2088]  INDEF  0.
ENG  GMOSAIC imcopy  tmpimage15297vk[SCI,5][1:256,1:2088]  tmptile5297lm[1,append][1:256,1:2088]  INDEF  0.
ENG  GMOSAIC imcopy  tmpimage15297vk[SCI,6][1:256,1:2088]  tmptile5297lm[1,append][257:512,1:2088]  INDEF  0.
ENG  GMOSAIC imcopy  tmpimage15297vk[SCI,7][1:256,1:2088]  tmptile5297lm[1,append][513:768,1:2088]  INDEF  0.
ENG  GMOSAIC imcopy  tmpimage15297vk[SCI,8][1:256,1:2088]  tmptile5297lm[1,append][769:1024,1:2088]  INDEF  0.
ENG  GMOSAIC imcopy  tmpimage15297vk[SCI,9][1:256,1:2088]  tmptile5297mm[1,append][1:256,1:2088]  INDEF  0.
ENG  GMOSAIC imcopy  tmpimage15297vk[SCI,10][1:256,1:2088]  tmptile5297mm[1,append][257:512,1:2088]  INDEF  0.
ENG  GMOSAIC imcopy  tmpimage15297vk[SCI,11][1:256,1:2088]  tmptile5297mm[1,append][513:768,1:2088]  INDEF  0.
ENG  GMOSAIC imcopy  tmpimage15297vk[SCI,12][1:256,1:2088]  tmptile5297mm[1,append][769:1024,1:2088]  INDEF  0.
ENG  GMOSAIC Setting rotation Xrot[1]= 0.000000, Yrot[1]= 0.000000
ENG  GMOSAIC Setting rotation Xrot[2]= 0.000000, Yrot[2]= 0.000000
ENG  GMOSAIC Setting rotation Xrot[3]= 0.000000, Yrot[3]= 0.000000
ENG  GMOSAIC 
ENG  GMOSAIC Transforming image tmpimg5297gm[SCI,1][1:1024,1:2088] to image tmpchipsci5297nm
ENG  GMOSAIC     xshift: 1.20 yshift: -0.35 xmag: 1.00 ymag: 1.00 xrot: 0.00 yrot: 0.00
ENG  GMOSAIC 
ENG  GMOSAIC Transforming image tmpimg5297gm[SCI,2][1:1024,1:2088] to image tmpchipsci5297om
ENG  GMOSAIC     xshift: 0.00 yshift: 0.00 xmag: 1.00 ymag: 1.00 xrot: 0.00 yrot: 0.00
ENG  GMOSAIC 
ENG  GMOSAIC Transforming image tmpimg5297gm[SCI,3][1:1024,1:2088] to image tmpchipsci5297pm
ENG  GMOSAIC     xshift: 0.00 yshift: 0.36 xmag: 1.00 ymag: 1.00 xrot: 0.00 yrot: 0.00
ENG  GMOSAIC imcopy  tmpchipsci5297nm  tmpimage25297wk.fits[1,append][1:1024,1:2088]  INDEF  0.
ENG  GMOSAIC imcopy  tmpchipsci5297om  tmpimage25297wk.fits[1,append][1055:2078,1:2088]  INDEF  0.
ENG  GMOSAIC imcopy  tmpchipsci5297pm  tmpimage25297wk.fits[1,append][2109:3132,1:2088]  INDEF  0.
STAT GMOSAIC All 1 images successfully mosaiced.
VIS  GMOSAIC --------------------
STAT GMOSAIC Exit status: SUCCESS
STAT GMOSAIC Log closed at [Tue 17:17:53 26-Sep-2023]
VIS  GMOSAIC -------------------------------------------------------------------
VIS  GMOSAIC 
EOE  GMOSAIC 2023-09-26T17:17:53
GSREDUCE: returned from GMOSAIC.
GSREDUCE: Calling GSCUT to cut spectra into separate science extensions
--------------------------------------------------------------------------------
GSCUT -- Tue Sep 26 17:17:53 -03 2023
 
inimage     = tmpoutimage5297qm.fits
outimage    = gsS20191105S0276.fits
secfile     = 
gratingdb   = gmos$data/GMOSgratings.dat
filterdb    = gmos$data/GMOSfilters.dat
bpmfile     = gmos$data/chipgaps.dat
gradimage   = 
refimage    = 
fl_update   = no
fl_oversize = yes
xoffset     = INDEF
yoffset     = INDEF
w2          = INDEF
 
Central wavelength 520.
Grating: R400+_G5325
Resolution (0.5'' slit): 1243.6042232887
Anamorphic factor: 1.1138584495337
Grating tilt (header): 58.4107
Calculated tilt: 58.411
nm/pix = 0.14903941505784
Wavelength offset [nm] =0.
Y offset (binned pixels) = 42.5
Filter1: open2-8
Filter2: open1-6
Slit 1: slit height = 186
Inserted slit as extension [SCI,1]
Slit 2: slit height = 26
Inserted slit as extension [SCI,2]
Slit 3: slit height = 41
Inserted slit as extension [SCI,3]
Slit 4: slit height = 23
Inserted slit as extension [SCI,4]
Slit 5: slit height = 84
Inserted slit as extension [SCI,5]
Slit 6: slit height = 36
Inserted slit as extension [SCI,6]
Slit 7: slit height = 192
Inserted slit as extension [SCI,7]
Slit 8: slit height = 47
Inserted slit as extension [SCI,8]
Slit 9: slit height = 109
Inserted slit as extension [SCI,9]
Slit 10: slit height = 33
Inserted slit as extension [SCI,10]
Slit 11: slit height = 188
Inserted slit as extension [SCI,11]
Slit 12: slit height = 29
Inserted slit as extension [SCI,12]
Slit 13: slit height = 100
Inserted slit as extension [SCI,13]
Slit 14: slit height = 46
Inserted slit as extension [SCI,14]
Slit 15: slit height = 55
Inserted slit as extension [SCI,15]
Slit 16: slit height = 39
Inserted slit as extension [SCI,16]
Slit 17: slit height = 124
Inserted slit as extension [SCI,17]
Slit 18: slit height = 109
Inserted slit as extension [SCI,18]
Slit 19: slit height = 204
Inserted slit as extension [SCI,19]
Slit 20: slit height = 40
Inserted slit as extension [SCI,20]
Slit 21: slit height = 53
Inserted slit as extension [SCI,21]
Slit 22: slit height = 37
Inserted slit as extension [SCI,22]
Slit 23: slit height = 55
Inserted slit as extension [SCI,23]
Slit 24: slit height = 72
Inserted slit as extension [SCI,24]
 
GSCUT done
--------------------------------------------------------------------------------
GSREDUCE: Updating titles of MOS spectra
GSREDUCE: Calling GSAPPWAVE
--------------------------------------------------------------------------------
GSAPPWAVE -- Tue Sep 26 17:18:14 -03 2023
 
inimages = gsS20191105S0276.fits
Grating: R400+_G5325
Grating central wavelength: 520. [nm]
Resolution (0.5'' slit): 1243.6042232887
Anamorphic factor: 1.1138584495337
Grating tilt (header): 58.4107
Calculated tilt: 58.411
nm/pix = 0.14903941505784
Filter1: open1-6
Filter2: open2-8
Approximate available wavelength coverage based on grating,
    filters and detector type is: 400. - 1080. [nm]

Calibrating: [SCI,1]
    Spectrum length in pixels: 2169
    Approximate location of grating central 
        wavelength in pixels: 1363.844
    Approximate wavelength coverage based on
        spectrum length and calculated dispersion is:  400 - 1080 [nm]
Calibrating: [SCI,2]
    Spectrum length in pixels: 2158
    Approximate location of grating central 
        wavelength in pixels: 1352.844
    Approximate wavelength coverage based on
        spectrum length and calculated dispersion is:  400 - 1080 [nm]
Calibrating: [SCI,3]
    Spectrum length in pixels: 2160
    Approximate location of grating central 
        wavelength in pixels: 1354.844
    Approximate wavelength coverage based on
        spectrum length and calculated dispersion is:  400 - 1080 [nm]
Calibrating: [SCI,4]
    Spectrum length in pixels: 2151
    Approximate location of grating central 
        wavelength in pixels: 1345.844
    Approximate wavelength coverage based on
        spectrum length and calculated dispersion is:  400 - 1080 [nm]
Calibrating: [SCI,5]
    Spectrum length in pixels: 2229
    Approximate location of grating central 
        wavelength in pixels: 1423.844
    Approximate wavelength coverage based on
        spectrum length and calculated dispersion is:  400 - 1080 [nm]
Calibrating: [SCI,6]
    Spectrum length in pixels: 2208
    Approximate location of grating central 
        wavelength in pixels: 1402.844
    Approximate wavelength coverage based on
        spectrum length and calculated dispersion is:  400 - 1080 [nm]
Calibrating: [SCI,7]
    Spectrum length in pixels: 2113
    Approximate location of grating central 
        wavelength in pixels: 1307.844
    Approximate wavelength coverage based on
        spectrum length and calculated dispersion is:  400 - 1080 [nm]
Calibrating: [SCI,8]
    Spectrum length in pixels: 2103
    Approximate location of grating central 
        wavelength in pixels: 1297.844
    Approximate wavelength coverage based on
        spectrum length and calculated dispersion is:  400 - 1080 [nm]
Calibrating: [SCI,9]
    Spectrum length in pixels: 2743
    Approximate location of grating central 
        wavelength in pixels: 1937.844
    Approximate wavelength coverage based on
        spectrum length and calculated dispersion is:  400 - 1080 [nm]
Calibrating: [SCI,10]
    Spectrum length in pixels: 2733
    Approximate location of grating central 
        wavelength in pixels: 1927.844
    Approximate wavelength coverage based on
        spectrum length and calculated dispersion is:  400 - 1080 [nm]
Calibrating: [SCI,11]
    Spectrum length in pixels: 2725
    Approximate location of grating central 
        wavelength in pixels: 1919.844
    Approximate wavelength coverage based on
        spectrum length and calculated dispersion is:  400 - 1080 [nm]
Calibrating: [SCI,12]
    Spectrum length in pixels: 2717
    Approximate location of grating central 
        wavelength in pixels: 1911.844
    Approximate wavelength coverage based on
        spectrum length and calculated dispersion is:  400 - 1080 [nm]
Calibrating: [SCI,13]
    Spectrum length in pixels: 2455
    Approximate location of grating central 
        wavelength in pixels: 1649.844
    Approximate wavelength coverage based on
        spectrum length and calculated dispersion is:  400 - 1080 [nm]
Calibrating: [SCI,14]
    Spectrum length in pixels: 2449
    Approximate location of grating central 
        wavelength in pixels: 1643.844
    Approximate wavelength coverage based on
        spectrum length and calculated dispersion is:  400 - 1080 [nm]
Calibrating: [SCI,15]
    Spectrum length in pixels: 2260
    Approximate location of grating central 
        wavelength in pixels: 1454.844
    Approximate wavelength coverage based on
        spectrum length and calculated dispersion is:  400 - 1080 [nm]
Calibrating: [SCI,16]
    Spectrum length in pixels: 2254
    Approximate location of grating central 
        wavelength in pixels: 1448.844
    Approximate wavelength coverage based on
        spectrum length and calculated dispersion is:  400 - 1080 [nm]
Calibrating: [SCI,17]
    Spectrum length in pixels: 2260
    Approximate location of grating central 
        wavelength in pixels: 1454.844
    Approximate wavelength coverage based on
        spectrum length and calculated dispersion is:  400 - 1080 [nm]
Calibrating: [SCI,18]
    Spectrum length in pixels: 2265
    Approximate location of grating central 
        wavelength in pixels: 1459.844
    Approximate wavelength coverage based on
        spectrum length and calculated dispersion is:  400 - 1080 [nm]
Calibrating: [SCI,19]
    Spectrum length in pixels: 2616
    Approximate location of grating central 
        wavelength in pixels: 1810.844
    Approximate wavelength coverage based on
        spectrum length and calculated dispersion is:  400 - 1080 [nm]
Calibrating: [SCI,20]
    Spectrum length in pixels: 2612
    Approximate location of grating central 
        wavelength in pixels: 1806.844
    Approximate wavelength coverage based on
        spectrum length and calculated dispersion is:  400 - 1080 [nm]
Calibrating: [SCI,21]
    Spectrum length in pixels: 2735
    Approximate location of grating central 
        wavelength in pixels: 1929.844
    Approximate wavelength coverage based on
        spectrum length and calculated dispersion is:  400 - 1080 [nm]
Calibrating: [SCI,22]
    Spectrum length in pixels: 2729
    Approximate location of grating central 
        wavelength in pixels: 1923.844
    Approximate wavelength coverage based on
        spectrum length and calculated dispersion is:  400 - 1080 [nm]
Calibrating: [SCI,23]
    Spectrum length in pixels: 2640
    Approximate location of grating central 
        wavelength in pixels: 1834.844
    Approximate wavelength coverage based on
        spectrum length and calculated dispersion is:  400 - 1080 [nm]
Calibrating: [SCI,24]
    Spectrum length in pixels: 2635
    Approximate location of grating central 
        wavelength in pixels: 1829.844
    Approximate wavelength coverage based on
        spectrum length and calculated dispersion is:  400 - 1080 [nm]
 
GSAPPWAVE done
--------------------------------------------------------------------------------
GSREDUCE: Updating PHU and cleaning up
Input image = S20191105S0277.fits; Output image = gsS20191105S0277.fits
GSREDUCE: Image S20191105S0277.fits has been QE corrected? no
GGDBHELPER: gain database selected - gmos$data/gmosamps.dat
GSREDUCE: Calling GIREDUCE to process image
----------------------------------------------------------------------------
GIREDUCE -- Tue Sep 26 17:18:28 -03 2023

----------------------------------------------------------------------------
GPREPARE -- Tue Sep 26 17:18:28 -03 2023

Input list    = S20191105S0277
Output list   = 
Output prefix = g
Raw path      = rawdir$
MDF dir       = rawdir$
Add MDF       = yes
Input MDF in case header keyword not found = 

Input  rawdir$S20191105S0277.fits   Output  gS20191105S0277.fits
GPREPARE: Using MDF defined in the header GS2019BQ103-01
GPREPARE: Taking MDF from directory rawdir$
--------------------------------------------------------------------------------
GGAIN -- Started: 2023-09-26T20:18:30
File[extension]:             AMPNAME              GAIN   READNOISE
gS20191105S0277.fits[SCI,1]: " "BI5-36-4k-2, 4""  1.834  4.04
gS20191105S0277.fits[SCI,2]: " "BI5-36-4k-2, 3""  1.874  4.28
gS20191105S0277.fits[SCI,3]: " "BI5-36-4k-2, 2""  1.878  4.24
gS20191105S0277.fits[SCI,4]: " "BI5-36-4k-2, 1""  1.852  4.21
gS20191105S0277.fits[SCI,5]: " "BI11-33-4k-1, 4""  1.908  3.90
gS20191105S0277.fits[SCI,6]: " "BI11-33-4k-1, 3""  1.933  4.24
gS20191105S0277.fits[SCI,7]: " "BI11-33-4k-1, 2""  1.840  4.07
gS20191105S0277.fits[SCI,8]: " "BI11-33-4k-1, 1""  1.878  4.29
gS20191105S0277.fits[SCI,9]: " "BI12-34-4k-1, 4""  1.813  4.15
gS20191105S0277.fits[SCI,10]: " "BI12-34-4k-1, 3""  1.724  3.61
gS20191105S0277.fits[SCI,11]: " "BI12-34-4k-1, 2""  1.761  3.72
gS20191105S0277.fits[SCI,12]: " "BI12-34-4k-1, 1""  1.652  3.53

GGAIN -- Finished: 2023-09-26T20:18:31

GGAIN -- Exit staus: GOOD

--------------------------------------------------------------------------------

GPREPARE exit status: good.
----------------------------------------------------------------------------

Input files:
gS20191105S0277

Output files:
tmpimage15297ku

GIREDUCE: Image tmpimage15297ku overscan subtracted
GIREDUCE: Image tmpimage15297ku trimmed

Output image       Bias                 Flat               Dark       Scale 
tmpimage15297ku    caldir$out_bias      INDEF              INDEF       0.00
GIREDUCE: Subtracted bias caldir$out_bias from tmpimage15297ku
GIREDUCE: multiplying image tmpimage15297ku by gain
--------------------------------------------------------------------------------
GGAIN -- Started: 2023-09-26T20:20:34
File[extension]:             AMPNAME              GAIN   READNOISE
tmpimage15297ku.fits[SCI,1]: " "BI5-36-4k-2, 4""  1.834  4.04
tmpimage15297ku.fits[SCI,2]: " "BI5-36-4k-2, 3""  1.874  4.28
tmpimage15297ku.fits[SCI,3]: " "BI5-36-4k-2, 2""  1.878  4.24
tmpimage15297ku.fits[SCI,4]: " "BI5-36-4k-2, 1""  1.852  4.21
tmpimage15297ku.fits[SCI,5]: " "BI11-33-4k-1, 4""  1.908  3.90
tmpimage15297ku.fits[SCI,6]: " "BI11-33-4k-1, 3""  1.933  4.24
tmpimage15297ku.fits[SCI,7]: " "BI11-33-4k-1, 2""  1.840  4.07
tmpimage15297ku.fits[SCI,8]: " "BI11-33-4k-1, 1""  1.878  4.29
tmpimage15297ku.fits[SCI,9]: " "BI12-34-4k-1, 4""  1.813  4.15
tmpimage15297ku.fits[SCI,10]: " "BI12-34-4k-1, 3""  1.724  3.61
tmpimage15297ku.fits[SCI,11]: " "BI12-34-4k-1, 2""  1.761  3.72
tmpimage15297ku.fits[SCI,12]: " "BI12-34-4k-1, 1""  1.652  3.53

GGAIN -- Finished: 2023-09-26T20:20:56

GGAIN -- Exit staus: GOOD

--------------------------------------------------------------------------------
GIREDUCE: output counts in electrons

GIREDUCE - Cleaning up -- Tue Sep 26 17:20:56 -03 2023

GIREDUCE -- Tue Sep 26 17:20:56 -03 2023
GIREDUCE exit status:  good.
----------------------------------------------------------------------------
GSREDUCE: Calling GMOSAIC
BOE  GMOSAIC 2023-09-26T17:20:56
VIS  GMOSAIC 
VIS  GMOSAIC -------------------------------------------------------------------
STAT GMOSAIC Log opened at [Tue 17:20:56 26-Sep-2023]
VIS  GMOSAIC 
VIS  GMOSAIC --------------------
TSK  GMOSAIC Input Parameters:
TSK  GMOSAIC      inimages       = tmpimage15297ku.fits
TSK  GMOSAIC      outimages      = tmpimage25297lu.fits
TSK  GMOSAIC      outpref        = 
TSK  GMOSAIC      fl_paste       = no
TSK  GMOSAIC      fl_vardq       = no
TSK  GMOSAIC      fl_fixpix      = no
TSK  GMOSAIC      fl_clean       = no
TSK  GMOSAIC      fl_fulldq      = no
TSK  GMOSAIC      bitflags       = all
TSK  GMOSAIC      dqthresh       = 0.1
TSK  GMOSAIC      geointer       = linear
TSK  GMOSAIC      gap            = default
TSK  GMOSAIC      bpmfile        = gmos$data/chipgaps.dat
TSK  GMOSAIC      statsec        = default
TSK  GMOSAIC      obsmode        = IMAGE
TSK  GMOSAIC      sci_ext        = SCI
TSK  GMOSAIC      var_ext        = VAR
TSK  GMOSAIC      dq_ext         = DQ
TSK  GMOSAIC      key_detsec     = DETSEC
TSK  GMOSAIC      key_ccdsec     = CCDSEC
TSK  GMOSAIC      key_datsec     = DATASEC
TSK  GMOSAIC      key_ccdsum     = CCDSUM
TSK  GMOSAIC      key_obsmode    = OBSMODE
TSK  GMOSAIC      logfile        = ngc1313.log
TSK  GMOSAIC      verbose        = yes
TSK  GMOSAIC      fl_real        = no
VIS  GMOSAIC --------------------
TSK  GMOSAIC Input: tmpimage15297ku  Output: tmpimage25297lu.fits
TSK  GMOSAIC Found a MDF, copying for later use.
ENG  GMOSAIC imcopy  tmpimage15297ku[SCI,1][1:256,1:2088]  tmptile5297zv[1,append][1:256,1:2088]  INDEF  0.
ENG  GMOSAIC imcopy  tmpimage15297ku[SCI,2][1:256,1:2088]  tmptile5297zv[1,append][257:512,1:2088]  INDEF  0.
ENG  GMOSAIC imcopy  tmpimage15297ku[SCI,3][1:256,1:2088]  tmptile5297zv[1,append][513:768,1:2088]  INDEF  0.
ENG  GMOSAIC imcopy  tmpimage15297ku[SCI,4][1:256,1:2088]  tmptile5297zv[1,append][769:1024,1:2088]  INDEF  0.
ENG  GMOSAIC imcopy  tmpimage15297ku[SCI,5][1:256,1:2088]  tmptile5297aw[1,append][1:256,1:2088]  INDEF  0.
ENG  GMOSAIC imcopy  tmpimage15297ku[SCI,6][1:256,1:2088]  tmptile5297aw[1,append][257:512,1:2088]  INDEF  0.
ENG  GMOSAIC imcopy  tmpimage15297ku[SCI,7][1:256,1:2088]  tmptile5297aw[1,append][513:768,1:2088]  INDEF  0.
ENG  GMOSAIC imcopy  tmpimage15297ku[SCI,8][1:256,1:2088]  tmptile5297aw[1,append][769:1024,1:2088]  INDEF  0.
ENG  GMOSAIC imcopy  tmpimage15297ku[SCI,9][1:256,1:2088]  tmptile5297bw[1,append][1:256,1:2088]  INDEF  0.
ENG  GMOSAIC imcopy  tmpimage15297ku[SCI,10][1:256,1:2088]  tmptile5297bw[1,append][257:512,1:2088]  INDEF  0.
ENG  GMOSAIC imcopy  tmpimage15297ku[SCI,11][1:256,1:2088]  tmptile5297bw[1,append][513:768,1:2088]  INDEF  0.
ENG  GMOSAIC imcopy  tmpimage15297ku[SCI,12][1:256,1:2088]  tmptile5297bw[1,append][769:1024,1:2088]  INDEF  0.
ENG  GMOSAIC Setting rotation Xrot[1]= 0.000000, Yrot[1]= 0.000000
ENG  GMOSAIC Setting rotation Xrot[2]= 0.000000, Yrot[2]= 0.000000
ENG  GMOSAIC Setting rotation Xrot[3]= 0.000000, Yrot[3]= 0.000000
ENG  GMOSAIC 
ENG  GMOSAIC Transforming image tmpimg5297vv[SCI,1][1:1024,1:2088] to image tmpchipsci5297cw
ENG  GMOSAIC     xshift: 1.20 yshift: -0.35 xmag: 1.00 ymag: 1.00 xrot: 0.00 yrot: 0.00
ENG  GMOSAIC 
ENG  GMOSAIC Transforming image tmpimg5297vv[SCI,2][1:1024,1:2088] to image tmpchipsci5297dw
ENG  GMOSAIC     xshift: 0.00 yshift: 0.00 xmag: 1.00 ymag: 1.00 xrot: 0.00 yrot: 0.00
ENG  GMOSAIC 
ENG  GMOSAIC Transforming image tmpimg5297vv[SCI,3][1:1024,1:2088] to image tmpchipsci5297ew
ENG  GMOSAIC     xshift: 0.00 yshift: 0.36 xmag: 1.00 ymag: 1.00 xrot: 0.00 yrot: 0.00
ENG  GMOSAIC imcopy  tmpchipsci5297cw  tmpimage25297lu.fits[1,append][1:1024,1:2088]  INDEF  0.
ENG  GMOSAIC imcopy  tmpchipsci5297dw  tmpimage25297lu.fits[1,append][1055:2078,1:2088]  INDEF  0.
ENG  GMOSAIC imcopy  tmpchipsci5297ew  tmpimage25297lu.fits[1,append][2109:3132,1:2088]  INDEF  0.
STAT GMOSAIC All 1 images successfully mosaiced.
VIS  GMOSAIC --------------------
STAT GMOSAIC Exit status: SUCCESS
STAT GMOSAIC Log closed at [Tue 17:21:24 26-Sep-2023]
VIS  GMOSAIC -------------------------------------------------------------------
VIS  GMOSAIC 
EOE  GMOSAIC 2023-09-26T17:21:24
GSREDUCE: returned from GMOSAIC.
GSREDUCE: Calling GSCUT to cut spectra into separate science extensions
--------------------------------------------------------------------------------
GSCUT -- Tue Sep 26 17:21:24 -03 2023
 
inimage     = tmpoutimage5297fw.fits
outimage    = gsS20191105S0277.fits
secfile     = 
gratingdb   = gmos$data/GMOSgratings.dat
filterdb    = gmos$data/GMOSfilters.dat
bpmfile     = gmos$data/chipgaps.dat
gradimage   = 
refimage    = 
fl_update   = no
fl_oversize = yes
xoffset     = INDEF
yoffset     = INDEF
w2          = INDEF
 
Central wavelength 530.
Grating: R400+_G5325
Resolution (0.5'' slit): 1269.2665582004
Anamorphic factor: 1.1162202101301
Grating tilt (header): 58.2834
Calculated tilt: 58.283
nm/pix = 0.14914987432307
Wavelength offset [nm] =0.
Y offset (binned pixels) = 42.5
Filter1: open2-8
Filter2: open1-6
Slit 1: slit height = 186
Inserted slit as extension [SCI,1]
Slit 2: slit height = 26
Inserted slit as extension [SCI,2]
Slit 3: slit height = 41
Inserted slit as extension [SCI,3]
Slit 4: slit height = 23
Inserted slit as extension [SCI,4]
Slit 5: slit height = 84
Inserted slit as extension [SCI,5]
Slit 6: slit height = 36
Inserted slit as extension [SCI,6]
Slit 7: slit height = 192
Inserted slit as extension [SCI,7]
Slit 8: slit height = 47
Inserted slit as extension [SCI,8]
Slit 9: slit height = 109
Inserted slit as extension [SCI,9]
Slit 10: slit height = 33
Inserted slit as extension [SCI,10]
Slit 11: slit height = 188
Inserted slit as extension [SCI,11]
Slit 12: slit height = 29
Inserted slit as extension [SCI,12]
Slit 13: slit height = 100
Inserted slit as extension [SCI,13]
Slit 14: slit height = 46
Inserted slit as extension [SCI,14]
Slit 15: slit height = 55
Inserted slit as extension [SCI,15]
Slit 16: slit height = 39
Inserted slit as extension [SCI,16]
Slit 17: slit height = 124
Inserted slit as extension [SCI,17]
Slit 18: slit height = 109
Inserted slit as extension [SCI,18]
Slit 19: slit height = 204
Inserted slit as extension [SCI,19]
Slit 20: slit height = 40
Inserted slit as extension [SCI,20]
Slit 21: slit height = 53
Inserted slit as extension [SCI,21]
Slit 22: slit height = 37
Inserted slit as extension [SCI,22]
Slit 23: slit height = 55
Inserted slit as extension [SCI,23]
Slit 24: slit height = 72
Inserted slit as extension [SCI,24]
 
GSCUT done
--------------------------------------------------------------------------------
GSREDUCE: Updating titles of MOS spectra
GSREDUCE: Calling GSAPPWAVE
--------------------------------------------------------------------------------
GSAPPWAVE -- Tue Sep 26 17:21:56 -03 2023
 
inimages = gsS20191105S0277.fits
Grating: R400+_G5325
Grating central wavelength: 530. [nm]
Resolution (0.5'' slit): 1269.2665582004
Anamorphic factor: 1.1162202101301
Grating tilt (header): 58.2834
Calculated tilt: 58.283
nm/pix = 0.14914987432307
Filter1: open1-6
Filter2: open2-8
Approximate available wavelength coverage based on grating,
    filters and detector type is: 400. - 1080. [nm]

Calibrating: [SCI,1]
    Spectrum length in pixels: 2236
    Approximate location of grating central 
        wavelength in pixels: 1364.394
    Approximate wavelength coverage based on
        spectrum length and calculated dispersion is:  400 - 1080 [nm]
Calibrating: [SCI,2]
    Spectrum length in pixels: 2225
    Approximate location of grating central 
        wavelength in pixels: 1353.394
    Approximate wavelength coverage based on
        spectrum length and calculated dispersion is:  400 - 1080 [nm]
Calibrating: [SCI,3]
    Spectrum length in pixels: 2227
    Approximate location of grating central 
        wavelength in pixels: 1355.394
    Approximate wavelength coverage based on
        spectrum length and calculated dispersion is:  400 - 1080 [nm]
Calibrating: [SCI,4]
    Spectrum length in pixels: 2217
    Approximate location of grating central 
        wavelength in pixels: 1345.394
    Approximate wavelength coverage based on
        spectrum length and calculated dispersion is:  400 - 1080 [nm]
Calibrating: [SCI,5]
    Spectrum length in pixels: 2296
    Approximate location of grating central 
        wavelength in pixels: 1424.394
    Approximate wavelength coverage based on
        spectrum length and calculated dispersion is:  400 - 1080 [nm]
Calibrating: [SCI,6]
    Spectrum length in pixels: 2274
    Approximate location of grating central 
        wavelength in pixels: 1402.394
    Approximate wavelength coverage based on
        spectrum length and calculated dispersion is:  400 - 1080 [nm]
Calibrating: [SCI,7]
    Spectrum length in pixels: 2180
    Approximate location of grating central 
        wavelength in pixels: 1308.394
    Approximate wavelength coverage based on
        spectrum length and calculated dispersion is:  400 - 1080 [nm]
Calibrating: [SCI,8]
    Spectrum length in pixels: 2170
    Approximate location of grating central 
        wavelength in pixels: 1298.394
    Approximate wavelength coverage based on
        spectrum length and calculated dispersion is:  400 - 1080 [nm]
Calibrating: [SCI,9]
    Spectrum length in pixels: 2809
    Approximate location of grating central 
        wavelength in pixels: 1937.394
    Approximate wavelength coverage based on
        spectrum length and calculated dispersion is:  400 - 1080 [nm]
Calibrating: [SCI,10]
    Spectrum length in pixels: 2799
    Approximate location of grating central 
        wavelength in pixels: 1927.394
    Approximate wavelength coverage based on
        spectrum length and calculated dispersion is:  400 - 1080 [nm]
Calibrating: [SCI,11]
    Spectrum length in pixels: 2790
    Approximate location of grating central 
        wavelength in pixels: 1918.394
    Approximate wavelength coverage based on
        spectrum length and calculated dispersion is:  400 - 1080 [nm]
Calibrating: [SCI,12]
    Spectrum length in pixels: 2783
    Approximate location of grating central 
        wavelength in pixels: 1911.394
    Approximate wavelength coverage based on
        spectrum length and calculated dispersion is:  400 - 1080 [nm]
Calibrating: [SCI,13]
    Spectrum length in pixels: 2521
    Approximate location of grating central 
        wavelength in pixels: 1649.394
    Approximate wavelength coverage based on
        spectrum length and calculated dispersion is:  400 - 1080 [nm]
Calibrating: [SCI,14]
    Spectrum length in pixels: 2515
    Approximate location of grating central 
        wavelength in pixels: 1643.394
    Approximate wavelength coverage based on
        spectrum length and calculated dispersion is:  400 - 1080 [nm]
Calibrating: [SCI,15]
    Spectrum length in pixels: 2326
    Approximate location of grating central 
        wavelength in pixels: 1454.394
    Approximate wavelength coverage based on
        spectrum length and calculated dispersion is:  400 - 1080 [nm]
Calibrating: [SCI,16]
    Spectrum length in pixels: 2320
    Approximate location of grating central 
        wavelength in pixels: 1448.394
    Approximate wavelength coverage based on
        spectrum length and calculated dispersion is:  400 - 1080 [nm]
Calibrating: [SCI,17]
    Spectrum length in pixels: 2326
    Approximate location of grating central 
        wavelength in pixels: 1454.394
    Approximate wavelength coverage based on
        spectrum length and calculated dispersion is:  400 - 1080 [nm]
Calibrating: [SCI,18]
    Spectrum length in pixels: 2331
    Approximate location of grating central 
        wavelength in pixels: 1459.394
    Approximate wavelength coverage based on
        spectrum length and calculated dispersion is:  400 - 1080 [nm]
Calibrating: [SCI,19]
    Spectrum length in pixels: 2682
    Approximate location of grating central 
        wavelength in pixels: 1810.394
    Approximate wavelength coverage based on
        spectrum length and calculated dispersion is:  400 - 1080 [nm]
Calibrating: [SCI,20]
    Spectrum length in pixels: 2678
    Approximate location of grating central 
        wavelength in pixels: 1806.394
    Approximate wavelength coverage based on
        spectrum length and calculated dispersion is:  400 - 1080 [nm]
Calibrating: [SCI,21]
    Spectrum length in pixels: 2800
    Approximate location of grating central 
        wavelength in pixels: 1928.394
    Approximate wavelength coverage based on
        spectrum length and calculated dispersion is:  400 - 1080 [nm]
Calibrating: [SCI,22]
    Spectrum length in pixels: 2795
    Approximate location of grating central 
        wavelength in pixels: 1923.394
    Approximate wavelength coverage based on
        spectrum length and calculated dispersion is:  400 - 1080 [nm]
Calibrating: [SCI,23]
    Spectrum length in pixels: 2706
    Approximate location of grating central 
        wavelength in pixels: 1834.394
    Approximate wavelength coverage based on
        spectrum length and calculated dispersion is:  400 - 1080 [nm]
Calibrating: [SCI,24]
    Spectrum length in pixels: 2701
    Approximate location of grating central 
        wavelength in pixels: 1829.394
    Approximate wavelength coverage based on
        spectrum length and calculated dispersion is:  400 - 1080 [nm]
 
GSAPPWAVE done
--------------------------------------------------------------------------------
GSREDUCE: Updating PHU and cleaning up
 
GSREDUCE done
----------------------------------------------------------------------------

--------------------------------------------------------------------------------
GSFLAT -- Tue Sep 26 21:53:50 -03 2023

Input images or list              = gsS20191105S0275
Output spectral flat              = gsS20191105S0275_flat.fits
Correct for slit function         = no
Keep combined flat combflat       = no

Fitting parameters for Spectral Flatfield: 
  interactive = yes
  function    = chebyshev
  order       = 15
  low_reject  = 3.
  high_reject = 3.
  niterate    = 2
  Fit detectors separately fl_detec = yes

Overscan Subtraction fl_over   = no
Trim image           fl_trim   = no
Bias Subtraction     fl_bias   = no
Dark Subtraction     fl_dark   = no
QE Correction        fl_qecorr = no
VAR & DQ planes      fl_vardq  = no
Fixpix chip gaps     fl_fixpix = no
Oversize slit length fl_oversize = yes
Fit detec. by detec. fl_detec  = yes
Fit rows separately  fl_seprows = yes
Use gradient method  fl_usegrad= no
Mask emission lines  fl_emis   = no
Reference image      refimage  = 
N&S double flatfield fl_double = no

bias        = 
dark        = 
qe_refim    = 
qe_corrim   = 
qe_corrpref = qecorr
sci_ext     = SCI
var_ext     = VAR
dq_ext      = DQ
bpm         = 
key_mdf     = MASKNAME
mdffile     = 
mdfdir      = rawdir$
Chip gaps   = gmos$data/chipgaps.dat
rawpath     = 

GSFLAT: Image #1 - Working on : gsS20191105S0275.fits
 
WARNING - GSFLAT: only one image.
 
 
GSFLAT: Begin fitting response functions for detectors
 
GSFLAT: fitting response functions for CCD1
        sample in fitting 12:256
GSFLAT: fitting response functions for CCD2
        sample in fitting 1:256
GSFLAT: fitting response functions for CCD3
        sample in fitting 1:256
GSFLAT: fitting response functions for CCD4
        sample in fitting 1:244
GSFLAT: fitting response functions for CCD5
        sample in fitting 12:256
GSFLAT: fitting response functions for CCD6
        sample in fitting 1:256
GSFLAT: fitting response functions for CCD7
        sample in fitting 1:256
GSFLAT: fitting response functions for CCD8
        sample in fitting 1:248
GSFLAT: fitting response functions for CCD9
        sample in fitting 13:256
GSFLAT: fitting response functions for CCD10
        sample in fitting 1:256
GSFLAT: fitting response functions for CCD11
        sample in fitting 1:256
GSFLAT: fitting response functions for CCD12
        sample in fitting 1:246
 
GSFLAT done Wed Sep 27 10:16:29 -03 2023
--------------------------------------------------------------------------------
GSAT - Started: 2023-10-02T12:26:06
ERROR - GSAT: Cannot acces gsS20191105S0275.fits[SCI,N]
GSAT - Finished: 2023-10-02T12:26:06
GSAT - Exit status: ERROR
GSAT - Started: 2023-10-02T12:26:21
GGDBHELPER: gain database selected - gmos$data/gmosamps.dat
GSAT: Input image is in electrons
GSAT: Bias level is 511.3185 Gain level is 1.834
GSAT: Bias corrected - yes
GSAT: Input in electrons - yes
GSAT: Xbin is 2 Ybin is 2
GSAT: Amplifier is BI5-36-4k-2, 4 1x1 Full Well Depth is: 118871.
GSAT: Calculated CCD saturation limit is 475484.
GSAT: Calculated controller saturation limit is 119253.431871
GSAT: Output saturation is 119253.431871
GSAT - Finished: 2023-10-02T12:26:21
GSAT - Exit status: GOOD
GSAT - Started: 2023-10-02T12:36:50
GGDBHELPER: gain database selected - gmos$data/gmosamps.dat
GSAT: Input image is in electrons
GSAT: Bias level is 552.3615 Gain level is 1.874
GSAT: Bias corrected - yes
GSAT: Input in electrons - yes
GSAT: Xbin is 2 Ybin is 2
GSAT: Amplifier is BI5-36-4k-2, 3 1x1 Full Well Depth is: 121652.
GSAT: Calculated CCD saturation limit is 486608.
GSAT: Calculated controller saturation limit is 121777.464549
GSAT: Output saturation is 121777.464549
GSAT - Finished: 2023-10-02T12:36:51
GSAT - Exit status: GOOD
GSAT - Started: 2023-10-02T12:37:01
GGDBHELPER: gain database selected - gmos$data/gmosamps.dat
GSAT: Input image is in electrons
GSAT: Bias level is 568.342 Gain level is 1.878
GSAT: Bias corrected - yes
GSAT: Input in electrons - yes
GSAT: Xbin is 2 Ybin is 2
GSAT: Amplifier is BI5-36-4k-2, 2 1x1 Full Well Depth is: 121390.
GSAT: Calculated CCD saturation limit is 485560.
GSAT: Calculated controller saturation limit is 122007.383724
GSAT: Output saturation is 122007.383724
GSAT - Finished: 2023-10-02T12:37:01
GSAT - Exit status: GOOD
GSAT - Started: 2023-10-02T12:38:37
GGDBHELPER: gain database selected - gmos$data/gmosamps.dat
GSAT: Input image is in electrons
GSAT: Bias level is 531.8604 Gain level is 1.852
GSAT: Bias corrected - yes
GSAT: Input in electrons - yes
GSAT: Xbin is 2 Ybin is 2
GSAT: Amplifier is BI5-36-4k-2, 1 1x1 Full Well Depth is: 120435.
GSAT: Calculated CCD saturation limit is 481740.
GSAT: Calculated controller saturation limit is 120385.8145392
GSAT: Output saturation is 120385.8145392
GSAT - Finished: 2023-10-02T12:38:37
GSAT - Exit status: GOOD
GSAT - Started: 2023-10-02T12:39:02
GGDBHELPER: gain database selected - gmos$data/gmosamps.dat
GSAT: Input image is in electrons
GSAT: Bias level is 452.8625 Gain level is 1.908
GSAT: Bias corrected - yes
GSAT: Input in electrons - yes
GSAT: Xbin is 2 Ybin is 2
GSAT: Amplifier is BI11-33-4k-1, 4 1x1 Full Well Depth is: 123307.
GSAT: Calculated CCD saturation limit is 493228.
GSAT: Calculated controller saturation limit is 124176.71835
GSAT: Output saturation is 124176.71835
GSAT - Finished: 2023-10-02T12:39:02
GSAT - Exit status: GOOD
GSAT - Started: 2023-10-02T12:39:15
GGDBHELPER: gain database selected - gmos$data/gmosamps.dat
GSAT: Input image is in electrons
GSAT: Bias level is 476.3052 Gain level is 1.933
GSAT: Bias corrected - yes
GSAT: Input in electrons - yes
GSAT: Xbin is 2 Ybin is 2
GSAT: Amplifier is BI11-33-4k-1, 3 1x1 Full Well Depth is: 125719.
GSAT: Calculated CCD saturation limit is 502876.
GSAT: Calculated controller saturation limit is 125758.4570484
GSAT: Output saturation is 125758.4570484
GSAT - Finished: 2023-10-02T12:39:15
GSAT - Exit status: GOOD
GSAT - Started: 2023-10-02T12:39:22
GGDBHELPER: gain database selected - gmos$data/gmosamps.dat
GSAT: Input image is in electrons
GSAT: Bias level is 493.4007 Gain level is 1.84
GSAT: Bias corrected - yes
GSAT: Input in electrons - yes
GSAT: Xbin is 2 Ybin is 2
GSAT: Amplifier is BI11-33-4k-1, 2 1x1 Full Well Depth is: 119157.
GSAT: Calculated CCD saturation limit is 476628.
GSAT: Calculated controller saturation limit is 119676.542712
GSAT: Output saturation is 119676.542712
GSAT - Finished: 2023-10-02T12:39:23
GSAT - Exit status: GOOD
GSAT - Started: 2023-10-02T12:39:34
GGDBHELPER: gain database selected - gmos$data/gmosamps.dat
GSAT: Input image is in electrons
GSAT: Bias level is 502.0744 Gain level is 1.878
GSAT: Bias corrected - yes
GSAT: Input in electrons - yes
GSAT: Xbin is 2 Ybin is 2
GSAT: Amplifier is BI11-33-4k-1, 1 1x1 Full Well Depth is: 121234.
GSAT: Calculated CCD saturation limit is 484936.
GSAT: Calculated controller saturation limit is 122131.8342768
GSAT: Output saturation is 122131.8342768
GSAT - Finished: 2023-10-02T12:39:34
GSAT - Exit status: GOOD
GSAT - Started: 2023-10-02T12:39:40
GGDBHELPER: gain database selected - gmos$data/gmosamps.dat
GSAT: Input image is in electrons
GSAT: Bias level is 516.7491 Gain level is 1.813
GSAT: Bias corrected - yes
GSAT: Input in electrons - yes
GSAT: Xbin is 2 Ybin is 2
GSAT: Amplifier is BI12-34-4k-1, 4 1x1 Full Well Depth is: 118424.
GSAT: Calculated CCD saturation limit is 473696.
GSAT: Calculated controller saturation limit is 117878.0888817
GSAT: Output saturation is 117878.0888817
GSAT - Finished: 2023-10-02T12:39:40
GSAT - Exit status: GOOD
GSAT - Started: 2023-10-02T12:40:08
GGDBHELPER: gain database selected - gmos$data/gmosamps.dat
GSAT: Input image is in electrons
GSAT: Bias level is 529.3812 Gain level is 1.724
GSAT: Bias corrected - yes
GSAT: Input in electrons - yes
GSAT: Xbin is 2 Ybin is 2
GSAT: Amplifier is BI12-34-4k-1, 3 1x1 Full Well Depth is: 112054.
GSAT: Calculated CCD saturation limit is 448216.
GSAT: Calculated controller saturation limit is 112069.6868112
GSAT: Output saturation is 112069.6868112
GSAT - Finished: 2023-10-02T12:40:09
GSAT - Exit status: GOOD
GSAT - Started: 2023-10-02T12:40:15
GGDBHELPER: gain database selected - gmos$data/gmosamps.dat
GSAT: Input image is in electrons
GSAT: Bias level is 511.9721 Gain level is 1.761
GSAT: Bias corrected - yes
GSAT: Input in electrons - yes
GSAT: Xbin is 2 Ybin is 2
GSAT: Amplifier is BI12-34-4k-1, 2 1x1 Full Well Depth is: 114605.
GSAT: Calculated CCD saturation limit is 458420.
GSAT: Calculated controller saturation limit is 114505.5521319
GSAT: Output saturation is 114505.5521319
GSAT - Finished: 2023-10-02T12:40:15
GSAT - Exit status: GOOD
GSAT - Started: 2023-10-02T12:40:22
GGDBHELPER: gain database selected - gmos$data/gmosamps.dat
GSAT: Input image is in electrons
GSAT: Bias level is 516.9335 Gain level is 1.652
GSAT: Bias corrected - yes
GSAT: Input in electrons - yes
GSAT: Xbin is 2 Ybin is 2
GSAT: Amplifier is BI12-34-4k-1, 1 1x1 Full Well Depth is: 106966.
GSAT: Calculated CCD saturation limit is 427864.
GSAT: Calculated controller saturation limit is 107409.845858
GSAT: Output saturation is 107409.845858
GSAT - Finished: 2023-10-02T12:40:22
GSAT - Exit status: GOOD
GSAT - Started: 2023-10-02T12:40:27
ERROR - GSAT: Cannot acces gsS20191105S0275.fits[SCI,13]
GSAT - Finished: 2023-10-02T12:40:27
GSAT - Exit status: ERROR
GSAT - Started: 2023-10-02T12:41:14
GGDBHELPER: gain database selected - gmos$data/gmosamps.dat
GSAT: Input image is in electrons
GSAT: Bias level is 511.3185 Gain level is 1.834
GSAT: Bias corrected - yes
GSAT: Input in electrons - yes
GSAT: Xbin is 2 Ybin is 2
GSAT: Amplifier is BI5-36-4k-2, 4 1x1 Full Well Depth is: 118871.
GSAT: Calculated CCD saturation limit is 475484.
GSAT: Calculated controller saturation limit is 119253.431871
GSAT: Output saturation is 119253.431871
GSAT - Finished: 2023-10-02T12:41:14
GSAT - Exit status: GOOD
GSAT - Started: 2023-10-02T12:41:18
GGDBHELPER: gain database selected - gmos$data/gmosamps.dat
GSAT: Input image is in electrons
GSAT: Bias level is 552.3615 Gain level is 1.874
GSAT: Bias corrected - yes
GSAT: Input in electrons - yes
GSAT: Xbin is 2 Ybin is 2
GSAT: Amplifier is BI5-36-4k-2, 3 1x1 Full Well Depth is: 121652.
GSAT: Calculated CCD saturation limit is 486608.
GSAT: Calculated controller saturation limit is 121777.464549
GSAT: Output saturation is 121777.464549
GSAT - Finished: 2023-10-02T12:41:19
GSAT - Exit status: GOOD
GSAT - Started: 2023-10-02T12:41:23
GGDBHELPER: gain database selected - gmos$data/gmosamps.dat
GSAT: Input image is in electrons
GSAT: Bias level is 568.342 Gain level is 1.878
GSAT: Bias corrected - yes
GSAT: Input in electrons - yes
GSAT: Xbin is 2 Ybin is 2
GSAT: Amplifier is BI5-36-4k-2, 2 1x1 Full Well Depth is: 121390.
GSAT: Calculated CCD saturation limit is 485560.
GSAT: Calculated controller saturation limit is 122007.383724
GSAT: Output saturation is 122007.383724
GSAT - Finished: 2023-10-02T12:41:23
GSAT - Exit status: GOOD
GSAT - Started: 2023-10-02T12:55:28
GGDBHELPER: gain database selected - gmos$data/gmosamps.dat
GSAT: Input image is in electrons
GSAT: Bias level is 509.813 Gain level is 1.834
GSAT: Bias corrected - yes
GSAT: Input in electrons - yes
GSAT: Xbin is 2 Ybin is 2
GSAT: Amplifier is BI5-36-4k-2, 4 1x1 Full Well Depth is: 118871.
GSAT: Calculated CCD saturation limit is 475484.
GSAT: Calculated controller saturation limit is 119256.192958
GSAT: Output saturation is 119256.192958
GSAT - Finished: 2023-10-02T12:55:29
GSAT - Exit status: GOOD
GSAT - Started: 2023-10-02T12:55:45
GGDBHELPER: gain database selected - gmos$data/gmosamps.dat
GSAT: Input image is in electrons
GSAT: Bias level is 551.5068 Gain level is 1.874
GSAT: Bias corrected - yes
GSAT: Input in electrons - yes
GSAT: Xbin is 2 Ybin is 2
GSAT: Amplifier is BI5-36-4k-2, 3 1x1 Full Well Depth is: 121652.
GSAT: Calculated CCD saturation limit is 486608.
GSAT: Calculated controller saturation limit is 121779.0662568
GSAT: Output saturation is 121779.0662568
GSAT - Finished: 2023-10-02T12:55:45
GSAT - Exit status: GOOD
GSAT - Started: 2023-10-02T12:55:52
GGDBHELPER: gain database selected - gmos$data/gmosamps.dat
GSAT: Input image is in electrons
GSAT: Bias level is 567.1578 Gain level is 1.878
GSAT: Bias corrected - yes
GSAT: Input in electrons - yes
GSAT: Xbin is 2 Ybin is 2
GSAT: Amplifier is BI5-36-4k-2, 2 1x1 Full Well Depth is: 121390.
GSAT: Calculated CCD saturation limit is 485560.
GSAT: Calculated controller saturation limit is 122009.6076516
GSAT: Output saturation is 122009.6076516
GSAT - Finished: 2023-10-02T12:55:52
GSAT - Exit status: GOOD
GSAT - Started: 2023-10-02T12:55:58
GGDBHELPER: gain database selected - gmos$data/gmosamps.dat
GSAT: Input image is in electrons
GSAT: Bias level is 530.3256 Gain level is 1.852
GSAT: Bias corrected - yes
GSAT: Input in electrons - yes
GSAT: Xbin is 2 Ybin is 2
GSAT: Amplifier is BI5-36-4k-2, 1 1x1 Full Well Depth is: 120435.
GSAT: Calculated CCD saturation limit is 481740.
GSAT: Calculated controller saturation limit is 120388.6569888
GSAT: Output saturation is 120388.6569888
GSAT - Finished: 2023-10-02T12:55:58
GSAT - Exit status: GOOD
GSAT - Started: 2023-10-02T12:56:03
GGDBHELPER: gain database selected - gmos$data/gmosamps.dat
GSAT: Input image is in electrons
GSAT: Bias level is 450.2608 Gain level is 1.908
GSAT: Bias corrected - yes
GSAT: Input in electrons - yes
GSAT: Xbin is 2 Ybin is 2
GSAT: Amplifier is BI11-33-4k-1, 4 1x1 Full Well Depth is: 123307.
GSAT: Calculated CCD saturation limit is 493228.
GSAT: Calculated controller saturation limit is 124181.6823936
GSAT: Output saturation is 124181.6823936
GSAT - Finished: 2023-10-02T12:56:03
GSAT - Exit status: GOOD
GSAT - Started: 2023-10-02T12:56:07
GGDBHELPER: gain database selected - gmos$data/gmosamps.dat
GSAT: Input image is in electrons
GSAT: Bias level is 473.6602 Gain level is 1.933
GSAT: Bias corrected - yes
GSAT: Input in electrons - yes
GSAT: Xbin is 2 Ybin is 2
GSAT: Amplifier is BI11-33-4k-1, 3 1x1 Full Well Depth is: 125719.
GSAT: Calculated CCD saturation limit is 502876.
GSAT: Calculated controller saturation limit is 125763.5698334
GSAT: Output saturation is 125763.5698334
GSAT - Finished: 2023-10-02T12:56:07
GSAT - Exit status: GOOD
GSAT - Started: 2023-10-02T12:56:12
GGDBHELPER: gain database selected - gmos$data/gmosamps.dat
GSAT: Input image is in electrons
GSAT: Bias level is 490.9447 Gain level is 1.84
GSAT: Bias corrected - yes
GSAT: Input in electrons - yes
GSAT: Xbin is 2 Ybin is 2
GSAT: Amplifier is BI11-33-4k-1, 2 1x1 Full Well Depth is: 119157.
GSAT: Calculated CCD saturation limit is 476628.
GSAT: Calculated controller saturation limit is 119681.061752
GSAT: Output saturation is 119681.061752
GSAT - Finished: 2023-10-02T12:56:12
GSAT - Exit status: GOOD
GSAT - Started: 2023-10-02T12:56:16
GGDBHELPER: gain database selected - gmos$data/gmosamps.dat
GSAT: Input image is in electrons
GSAT: Bias level is 500.5365 Gain level is 1.878
GSAT: Bias corrected - yes
GSAT: Input in electrons - yes
GSAT: Xbin is 2 Ybin is 2
GSAT: Amplifier is BI11-33-4k-1, 1 1x1 Full Well Depth is: 121234.
GSAT: Calculated CCD saturation limit is 484936.
GSAT: Calculated controller saturation limit is 122134.722453
GSAT: Output saturation is 122134.722453
GSAT - Finished: 2023-10-02T12:56:16
GSAT - Exit status: GOOD
GSAT - Started: 2023-10-02T12:56:20
GGDBHELPER: gain database selected - gmos$data/gmosamps.dat
GSAT: Input image is in electrons
GSAT: Bias level is 514.3026 Gain level is 1.813
GSAT: Bias corrected - yes
GSAT: Input in electrons - yes
GSAT: Xbin is 2 Ybin is 2
GSAT: Amplifier is BI12-34-4k-1, 4 1x1 Full Well Depth is: 118424.
GSAT: Calculated CCD saturation limit is 473696.
GSAT: Calculated controller saturation limit is 117882.5243862
GSAT: Output saturation is 117882.5243862
GSAT - Finished: 2023-10-02T12:56:20
GSAT - Exit status: GOOD
GSAT - Started: 2023-10-02T12:56:24
GGDBHELPER: gain database selected - gmos$data/gmosamps.dat
GSAT: Input image is in electrons
GSAT: Bias level is 526.2509 Gain level is 1.724
GSAT: Bias corrected - yes
GSAT: Input in electrons - yes
GSAT: Xbin is 2 Ybin is 2
GSAT: Amplifier is BI12-34-4k-1, 3 1x1 Full Well Depth is: 112054.
GSAT: Calculated CCD saturation limit is 448216.
GSAT: Calculated controller saturation limit is 112075.0834484
GSAT: Output saturation is 112075.0834484
GSAT - Finished: 2023-10-02T12:56:24
GSAT - Exit status: GOOD
GSAT - Started: 2023-10-02T12:56:28
GGDBHELPER: gain database selected - gmos$data/gmosamps.dat
GSAT: Input image is in electrons
GSAT: Bias level is 508.5926 Gain level is 1.761
GSAT: Bias corrected - yes
GSAT: Input in electrons - yes
GSAT: Xbin is 2 Ybin is 2
GSAT: Amplifier is BI12-34-4k-1, 2 1x1 Full Well Depth is: 114605.
GSAT: Calculated CCD saturation limit is 458420.
GSAT: Calculated controller saturation limit is 114511.5034314
GSAT: Output saturation is 114511.5034314
GSAT - Finished: 2023-10-02T12:56:28
GSAT - Exit status: GOOD
GSAT - Started: 2023-10-02T12:56:37
GGDBHELPER: gain database selected - gmos$data/gmosamps.dat
GSAT: Input image is in electrons
GSAT: Bias level is 513.79 Gain level is 1.652
GSAT: Bias corrected - yes
GSAT: Input in electrons - yes
GSAT: Xbin is 2 Ybin is 2
GSAT: Amplifier is BI12-34-4k-1, 1 1x1 Full Well Depth is: 106966.
GSAT: Calculated CCD saturation limit is 427864.
GSAT: Calculated controller saturation limit is 107415.03892
GSAT: Output saturation is 107415.03892
GSAT - Finished: 2023-10-02T12:56:38
GSAT - Exit status: GOOD
GSAT - Started: 2023-10-02T12:57:36
GGDBHELPER: gain database selected - gmos$data/gmosamps.dat
GSAT: Input image is in electrons
GSAT: Bias level is 513.79 Gain level is 1.652
GSAT: Bias corrected - yes
GSAT: Input in electrons - yes
GSAT: Xbin is 2 Ybin is 2
GSAT: Amplifier is BI12-34-4k-1, 1 1x1 Full Well Depth is: 106966.
GSAT: Calculated CCD saturation limit is 427864.
GSAT: Calculated controller saturation limit is 107415.03892
GSAT: Output saturation is 107415.03892
GSAT - Finished: 2023-10-02T12:57:36
GSAT - Exit status: GOOD
GSAT - Started: 2023-10-02T12:57:42
GGDBHELPER: gain database selected - gmos$data/gmosamps.dat
GSAT: Input image is in electrons
GSAT: Bias level is 513.79 Gain level is 1.652
GSAT: Bias corrected - yes
GSAT: Input in electrons - yes
GSAT: Xbin is 2 Ybin is 2
GSAT: Amplifier is BI12-34-4k-1, 1 1x1 Full Well Depth is: 106966.
GSAT: Calculated CCD saturation limit is 427864.
GSAT: Calculated controller saturation limit is 107415.03892
GSAT: Output saturation is 107415.03892
GSAT - Finished: 2023-10-02T12:57:42
GSAT - Exit status: GOOD
GSAT - Started: 2023-10-02T12:57:46
GGDBHELPER: gain database selected - gmos$data/gmosamps.dat
GSAT: Input image is in electrons
GSAT: Bias level is 513.79 Gain level is 1.652
GSAT: Bias corrected - yes
GSAT: Input in electrons - yes
GSAT: Xbin is 2 Ybin is 2
GSAT: Amplifier is BI12-34-4k-1, 1 1x1 Full Well Depth is: 106966.
GSAT: Calculated CCD saturation limit is 427864.
GSAT: Calculated controller saturation limit is 107415.03892
GSAT: Output saturation is 107415.03892
GSAT - Finished: 2023-10-02T12:57:46
GSAT - Exit status: GOOD
GSAT - Started: 2023-10-03T09:29:36
GGDBHELPER: gain database selected - gmos$data/gmosamps.dat
GSAT: Input image is in electrons
GSAT: Bias level is 509.813 Gain level is 1.834
GSAT: Bias corrected - yes
GSAT: Input in electrons - yes
GSAT: Xbin is 2 Ybin is 2
GSAT: Amplifier is BI5-36-4k-2, 4 1x1 Full Well Depth is: 118871.
GSAT: Calculated CCD saturation limit is 475484.
GSAT: Calculated controller saturation limit is 119256.192958
GSAT: Output saturation is 119256.192958
GSAT - Finished: 2023-10-03T09:29:37
GSAT - Exit status: GOOD
